     0.0000    0.0000
     0.0110    0.0078
     0.0220    0.0142
     0.0330    0.0196
     0.0440    0.0241
     0.0550    0.0279
     0.0660    0.0310
     0.0770    0.0337
     0.0880    0.0360
     0.0990    0.0379
     0.1100    0.0395
     0.1210    0.0409
     0.1320    0.0420
     0.1430    0.0430
     0.1540    0.0438
     0.1650    0.0445
     0.1760    0.0451
     0.1870    0.0456
     0.1980    0.0460
     0.2090    0.0463
     0.2200    0.0465
     0.2310    0.0467
     0.2420    0.0469
     0.2530    0.0470
     0.2640    0.0470
     0.2750    0.0471
     0.2860    0.0471
     0.2970    0.0471
     0.3080    0.0470
     0.3190    0.0469
     0.3300    0.0469
     0.3410    0.0468
     0.3520    0.0466
     0.3630    0.0465
     0.3740    0.0464
     0.3850    0.0462
     0.3960    0.0461
     0.4070    0.0459
     0.4180    0.0457
     0.4290    0.0456
     0.4400    0.0454
     0.4510    0.0452
     0.4620    0.0450
     0.4730    0.0448
     0.4840    0.0446
     0.4950    0.0444
     0.5060    0.0442
     0.5170    0.0439
     0.5280    0.0437
     0.5390    0.0435
     0.5500    0.0433
     0.5610    0.0431
     0.5720    0.0429
     0.5830    0.0426
     0.5940    0.0424
     0.6050    0.0422
     0.6160    0.0420
     0.6270    0.0417
     0.6380    0.0415
     0.6490    0.0413
     0.6600    0.0411
     0.6710    0.0408
     0.6820    0.0406
     0.6930    0.0404
     0.7040    0.0402
     0.7150    0.0400
     0.7260    0.0397
     0.7370    0.0395
     0.7480    0.0393
     0.7590    0.0391
     0.7700    0.0388
     0.7810    0.0386
     0.7920    0.0384
     0.8030    0.0382
     0.8140    0.0380
     0.8250    0.0378
     0.8360    0.0376
     0.8470    0.0373
     0.8580    0.0371
     0.8690    0.0369
     0.8800    0.0367
     0.8910    0.0365
     0.9020    0.0363
     0.9130    0.0361
     0.9240    0.0359
     0.9350    0.0357
     0.9460    0.0355
     0.9570    0.0353
     0.9680    0.0351
     0.9790    0.0349
     0.9900    0.0347
     1.0010    0.0345
     1.0120    0.0343
     1.0230    0.0341
     1.0340    0.0339
     1.0450    0.0337
     1.0560    0.0335
     1.0670    0.0334
     1.0780    0.0332
     1.0890    0.0330
     1.1000    0.0328
     1.1110    0.0326
     1.1220    0.0324
     1.1330    0.0323
     1.1440    0.0321
     1.1550    0.0319
     1.1660    0.0317
     1.1770    0.0315
     1.1880    0.0314
     1.1990    0.0312
     1.2100    0.0310
     1.2210    0.0309
     1.2320    0.0307
     1.2430    0.0305
     1.2540    0.0304
     1.2650    0.0302
     1.2760    0.0300
     1.2870    0.0299
     1.2980    0.0297
     1.3090    0.0295
     1.3200    0.0294
     1.3310    0.0292
     1.3420    0.0291
     1.3530    0.0289
     1.3640    0.0288
     1.3750    0.0286
     1.3860    0.0285
     1.3970    0.0283
     1.4080    0.0282
     1.4190    0.0280
     1.4300    0.0279
     1.4410    0.0277
     1.4520    0.0276
     1.4630    0.0274
     1.4740    0.0273
     1.4850    0.0271
     1.4960    0.0270
     1.5070    0.0269
     1.5180    0.0267
     1.5290    0.0266
     1.5400    0.0264
     1.5510    0.0263
     1.5620    0.0262
     1.5730    0.0260
     1.5840    0.0259
     1.5950    0.0258
     1.6060    0.0256
     1.6170    0.0255
     1.6280    0.0254
     1.6390    0.0252
     1.6500    0.0251
     1.6610    0.0250
     1.6720    0.0249
     1.6830    0.0247
     1.6940    0.0246
     1.7050    0.0245
     1.7160    0.0244
     1.7270    0.0243
     1.7380    0.0241
     1.7490    0.0240
     1.7600    0.0239
     1.7710    0.0238
     1.7820    0.0237
     1.7930    0.0235
     1.8040    0.0234
     1.8150    0.0233
     1.8260    0.0232
     1.8370    0.0231
     1.8480    0.0230
     1.8590    0.0229
     1.8700    0.0227
     1.8810    0.0226
     1.8920    0.0225
     1.9030    0.0224
     1.9140    0.0223
     1.9250    0.0222
     1.9360    0.0221
     1.9470    0.0220
     1.9580    0.0219
     1.9690    0.0218
     1.9800    0.0217
     1.9910    0.0216
     2.0020    0.0215
     2.0130    0.0214
     2.0240    0.0213
     2.0350    0.0212
     2.0460    0.0211
     2.0570    0.0210
     2.0680    0.0209
     2.0790    0.0208
     2.0900    0.0207
     2.1010    0.0206
     2.1120    0.0205
     2.1230    0.0204
     2.1340    0.0203
     2.1450    0.0202
     2.1560    0.0201
     2.1670    0.0200
     2.1780    0.0199
     2.1890    0.0198
     2.2000    0.0198
     2.2110    0.0197
     2.2220    0.0196
     2.2330    0.0195
     2.2440    0.0194
     2.2550    0.0193
     2.2660    0.0192
     2.2770    0.0191
     2.2880    0.0190
     2.2990    0.0190
     2.3100    0.0189
     2.3210    0.0188
     2.3320    0.0187
     2.3430    0.0186
     2.3540    0.0185
     2.3650    0.0185
     2.3760    0.0184
     2.3870    0.0183
     2.3980    0.0182
     2.4090    0.0181
     2.4200    0.0181
     2.4310    0.0180
     2.4420    0.0179
     2.4530    0.0178
     2.4640    0.0177
     2.4750    0.0177
     2.4860    0.0176
     2.4970    0.0175
     2.5080    0.0174
     2.5190    0.0174
     2.5300    0.0173
     2.5410    0.0172
     2.5520    0.0171
     2.5630    0.0171
     2.5740    0.0170
     2.5850    0.0169
     2.5960    0.0168
     2.6070    0.0168
     2.6180    0.0167
     2.6290    0.0166
     2.6400    0.0166
     2.6510    0.0165
     2.6620    0.0164
     2.6730    0.0164
     2.6840    0.0163
     2.6950    0.0162
     2.7060    0.0161
     2.7170    0.0161
     2.7280    0.0160
     2.7390    0.0159
     2.7500    0.0159
     2.7610    0.0158
     2.7720    0.0157
     2.7830    0.0157
     2.7940    0.0156
     2.8050    0.0156
     2.8160    0.0155
     2.8270    0.0154
     2.8380    0.0154
     2.8490    0.0153
     2.8600    0.0152
     2.8710    0.0152
     2.8820    0.0151
     2.8930    0.0151
     2.9040    0.0150
     2.9150    0.0149
     2.9260    0.0149
     2.9370    0.0148
     2.9480    0.0147
     2.9590    0.0147
     2.9700    0.0146
     2.9810    0.0146
     2.9920    0.0145
     3.0030    0.0145
     3.0140    0.0144
     3.0250    0.0143
     3.0360    0.0143
     3.0470    0.0142
     3.0580    0.0142
     3.0690    0.0141
     3.0800    0.0141
     3.0910    0.0140
     3.1020    0.0139
     3.1130    0.0139
     3.1240    0.0138
     3.1350    0.0138
     3.1460    0.0137
     3.1570    0.0137
     3.1680    0.0136
     3.1790    0.0136
     3.1900    0.0135
     3.2010    0.0135
     3.2120    0.0134
     3.2230    0.0134
     3.2340    0.0133
     3.2450    0.0132
     3.2560    0.0132
     3.2670    0.0131
     3.2780    0.0131
     3.2890    0.0130
     3.3000    0.0130
     3.3110    0.0129
     3.3220    0.0129
     3.3330    0.0128
     3.3440    0.0128
     3.3550    0.0127
     3.3660    0.0127
     3.3770    0.0126
     3.3880    0.0126
     3.3990    0.0126
     3.4100    0.0125
     3.4210    0.0125
     3.4320    0.0124
     3.4430    0.0124
     3.4540    0.0123
     3.4650    0.0123
     3.4760    0.0122
     3.4870    0.0122
     3.4980    0.0121
     3.5090    0.0121
     3.5200    0.0120
     3.5310    0.0120
     3.5420    0.0119
     3.5530    0.0119
     3.5640    0.0119
     3.5750    0.0118
     3.5860    0.0118
     3.5970    0.0117
     3.6080    0.0117
     3.6190    0.0116
     3.6300    0.0116
     3.6410    0.0116
     3.6520    0.0115
     3.6630    0.0115
     3.6740    0.0114
     3.6850    0.0114
     3.6960    0.0113
     3.7070    0.0113
     3.7180    0.0113
     3.7290    0.0112
     3.7400    0.0112
     3.7510    0.0111
     3.7620    0.0111
     3.7730    0.0111
     3.7840    0.0110
     3.7950    0.0110
     3.8060    0.0109
     3.8170    0.0109
     3.8280    0.0109
     3.8390    0.0108
     3.8500    0.0108
     3.8610    0.0107
     3.8720    0.0107
     3.8830    0.0107
     3.8940    0.0106
     3.9050    0.0106
     3.9160    0.0105
     3.9270    0.0105
     3.9380    0.0105
     3.9490    0.0104
     3.9600    0.0104
     3.9710    0.0104
     3.9820    0.0103
     3.9930    0.0103
     4.0040    0.0103
     4.0150    0.0102
     4.0260    0.0102
     4.0370    0.0101
     4.0480    0.0101
     4.0590    0.0101
     4.0700    0.0100
     4.0810    0.0100
     4.0920    0.0100
     4.1030    0.0099
     4.1140    0.0099
     4.1250    0.0099
     4.1360    0.0098
     4.1470    0.0098
     4.1580    0.0098
     4.1690    0.0097
     4.1800    0.0097
     4.1910    0.0097
     4.2020    0.0096
     4.2130    0.0096
     4.2240    0.0096
     4.2350    0.0095
     4.2460    0.0095
     4.2570    0.0095
     4.2680    0.0094
     4.2790    0.0094
     4.2900    0.0094
     4.3010    0.0093
     4.3120    0.0093
     4.3230    0.0093
     4.3340    0.0092
     4.3450    0.0092
     4.3560    0.0092
     4.3670    0.0091
     4.3780    0.0091
     4.3890    0.0091
     4.4000    0.0090
     4.4110    0.0090
     4.4220    0.0090
     4.4330    0.0090
     4.4440    0.0089
     4.4550    0.0089
     4.4660    0.0089
     4.4770    0.0088
     4.4880    0.0088
     4.4990    0.0088
     4.5100    0.0087
     4.5210    0.0087
     4.5320    0.0087
     4.5430    0.0087
     4.5540    0.0086
     4.5650    0.0086
     4.5760    0.0086
     4.5870    0.0085
     4.5980    0.0085
     4.6090    0.0085
     4.6200    0.0085
     4.6310    0.0084
     4.6420    0.0084
     4.6530    0.0084
     4.6640    0.0083
     4.6750    0.0083
     4.6860    0.0083
     4.6970    0.0083
     4.7080    0.0082
     4.7190    0.0082
     4.7300    0.0082
     4.7410    0.0082
     4.7520    0.0081
     4.7630    0.0081
     4.7740    0.0081
     4.7850    0.0080
     4.7960    0.0080
     4.8070    0.0080
     4.8180    0.0080
     4.8290    0.0079
     4.8400    0.0079
     4.8510    0.0079
     4.8620    0.0079
     4.8730    0.0078
     4.8840    0.0078
     4.8950    0.0078
     4.9060    0.0078
     4.9170    0.0077
     4.9280    0.0077
     4.9390    0.0077
     4.9500    0.0077
     4.9610    0.0076
     4.9720    0.0076
     4.9830    0.0076
     4.9940    0.0076
     5.0050    0.0075
     5.0160    0.0075
     5.0270    0.0075
     5.0380    0.0075
     5.0490    0.0074
     5.0600    0.0074
     5.0710    0.0074
     5.0820    0.0074
     5.0930    0.0073
     5.1040    0.0073
     5.1150    0.0073
     5.1260    0.0073
     5.1370    0.0073
     5.1480    0.0072
     5.1590    0.0072
     5.1700    0.0072
     5.1810    0.0072
     5.1920    0.0071
     5.2030    0.0071
     5.2140    0.0071
     5.2250    0.0071
     5.2360    0.0071
     5.2470    0.0070
     5.2580    0.0070
     5.2690    0.0070
     5.2800    0.0070
     5.2910    0.0069
     5.3020    0.0069
     5.3130    0.0069
     5.3240    0.0069
     5.3350    0.0069
     5.3460    0.0068
     5.3570    0.0068
     5.3680    0.0068
     5.3790    0.0068
     5.3900    0.0068
     5.4010    0.0067
     5.4120    0.0067
     5.4230    0.0067
     5.4340    0.0067
     5.4450    0.0066
     5.4560    0.0066
     5.4670    0.0066
     5.4780    0.0066
     5.4890    0.0066
     5.5000    0.0065
