     0.0000    2.7900
     0.0110    2.6966
     0.0220    2.6079
     0.0330    2.5235
     0.0440    2.4434
     0.0550    2.3673
     0.0660    2.2951
     0.0770    2.2264
     0.0880    2.1610
     0.0990    2.0989
     0.1100    2.0397
     0.1210    1.9833
     0.1320    1.9296
     0.1430    1.8783
     0.1540    1.8294
     0.1650    1.7826
     0.1760    1.7378
     0.1870    1.6950
     0.1980    1.6540
     0.2090    1.6146
     0.2200    1.5769
     0.2310    1.5407
     0.2420    1.5059
     0.2530    1.4724
     0.2640    1.4402
     0.2750    1.4091
     0.2860    1.3793
     0.2970    1.3504
     0.3080    1.3226
     0.3190    1.2958
     0.3300    1.2699
     0.3410    1.2448
     0.3520    1.2205
     0.3630    1.1971
     0.3740    1.1743
     0.3850    1.1523
     0.3960    1.1310
     0.4070    1.1103
     0.4180    1.0902
     0.4290    1.0707
     0.4400    1.0517
     0.4510    1.0333
     0.4620    1.0155
     0.4730    0.9981
     0.4840    0.9811
     0.4950    0.9647
     0.5060    0.9486
     0.5170    0.9330
     0.5280    0.9178
     0.5390    0.9030
     0.5500    0.8885
     0.5610    0.8744
     0.5720    0.8607
     0.5830    0.8473
     0.5940    0.8342
     0.6050    0.8214
     0.6160    0.8089
     0.6270    0.7967
     0.6380    0.7847
     0.6490    0.7731
     0.6600    0.7617
     0.6710    0.7505
     0.6820    0.7396
     0.6930    0.7290
     0.7040    0.7185
     0.7150    0.7083
     0.7260    0.6983
     0.7370    0.6885
     0.7480    0.6790
     0.7590    0.6696
     0.7700    0.6604
     0.7810    0.6514
     0.7920    0.6425
     0.8030    0.6339
     0.8140    0.6254
     0.8250    0.6171
     0.8360    0.6089
     0.8470    0.6009
     0.8580    0.5931
     0.8690    0.5854
     0.8800    0.5778
     0.8910    0.5704
     0.9020    0.5631
     0.9130    0.5560
     0.9240    0.5490
     0.9350    0.5421
     0.9460    0.5353
     0.9570    0.5287
     0.9680    0.5222
     0.9790    0.5158
     0.9900    0.5095
     1.0010    0.5033
     1.0120    0.4972
     1.0230    0.4913
     1.0340    0.4854
     1.0450    0.4796
     1.0560    0.4740
     1.0670    0.4684
     1.0780    0.4629
     1.0890    0.4575
     1.1000    0.4523
     1.1110    0.4470
     1.1220    0.4419
     1.1330    0.4369
     1.1440    0.4319
     1.1550    0.4271
     1.1660    0.4223
     1.1770    0.4176
     1.1880    0.4129
     1.1990    0.4083
     1.2100    0.4039
     1.2210    0.3994
     1.2320    0.3951
     1.2430    0.3908
     1.2540    0.3866
     1.2650    0.3824
     1.2760    0.3783
     1.2870    0.3743
     1.2980    0.3703
     1.3090    0.3664
     1.3200    0.3626
     1.3310    0.3588
     1.3420    0.3551
     1.3530    0.3514
     1.3640    0.3478
     1.3750    0.3442
     1.3860    0.3407
     1.3970    0.3372
     1.4080    0.3338
     1.4190    0.3304
     1.4300    0.3271
     1.4410    0.3238
     1.4520    0.3206
     1.4630    0.3175
     1.4740    0.3143
     1.4850    0.3112
     1.4960    0.3082
     1.5070    0.3052
     1.5180    0.3022
     1.5290    0.2993
     1.5400    0.2965
     1.5510    0.2936
     1.5620    0.2908
     1.5730    0.2881
     1.5840    0.2854
     1.5950    0.2827
     1.6060    0.2800
     1.6170    0.2774
     1.6280    0.2748
     1.6390    0.2723
     1.6500    0.2698
     1.6610    0.2673
     1.6720    0.2649
     1.6830    0.2625
     1.6940    0.2601
     1.7050    0.2578
     1.7160    0.2554
     1.7270    0.2532
     1.7380    0.2509
     1.7490    0.2487
     1.7600    0.2465
     1.7710    0.2443
     1.7820    0.2422
     1.7930    0.2401
     1.8040    0.2380
     1.8150    0.2359
     1.8260    0.2339
     1.8370    0.2319
     1.8480    0.2299
     1.8590    0.2279
     1.8700    0.2260
     1.8810    0.2241
     1.8920    0.2222
     1.9030    0.2203
     1.9140    0.2185
     1.9250    0.2167
     1.9360    0.2149
     1.9470    0.2131
     1.9580    0.2113
     1.9690    0.2096
     1.9800    0.2079
     1.9910    0.2062
     2.0020    0.2045
     2.0130    0.2029
     2.0240    0.2013
     2.0350    0.1996
     2.0460    0.1980
     2.0570    0.1965
     2.0680    0.1949
     2.0790    0.1934
     2.0900    0.1919
     2.1010    0.1904
     2.1120    0.1889
     2.1230    0.1874
     2.1340    0.1859
     2.1450    0.1845
     2.1560    0.1831
     2.1670    0.1817
     2.1780    0.1803
     2.1890    0.1789
     2.2000    0.1776
     2.2110    0.1762
     2.2220    0.1749
     2.2330    0.1736
     2.2440    0.1723
     2.2550    0.1710
     2.2660    0.1697
     2.2770    0.1685
     2.2880    0.1672
     2.2990    0.1660
     2.3100    0.1648
     2.3210    0.1636
     2.3320    0.1624
     2.3430    0.1612
     2.3540    0.1601
     2.3650    0.1589
     2.3760    0.1578
     2.3870    0.1566
     2.3980    0.1555
     2.4090    0.1544
     2.4200    0.1533
     2.4310    0.1523
     2.4420    0.1512
     2.4530    0.1501
     2.4640    0.1491
     2.4750    0.1480
     2.4860    0.1470
     2.4970    0.1460
     2.5080    0.1450
     2.5190    0.1440
     2.5300    0.1430
     2.5410    0.1420
     2.5520    0.1411
     2.5630    0.1401
     2.5740    0.1392
     2.5850    0.1382
     2.5960    0.1373
     2.6070    0.1364
     2.6180    0.1355
     2.6290    0.1346
     2.6400    0.1337
     2.6510    0.1328
     2.6620    0.1319
     2.6730    0.1311
     2.6840    0.1302
     2.6950    0.1293
     2.7060    0.1285
     2.7170    0.1277
     2.7280    0.1268
     2.7390    0.1260
     2.7500    0.1252
     2.7610    0.1244
     2.7720    0.1236
     2.7830    0.1228
     2.7940    0.1221
     2.8050    0.1213
     2.8160    0.1205
     2.8270    0.1198
     2.8380    0.1190
     2.8490    0.1183
     2.8600    0.1175
     2.8710    0.1168
     2.8820    0.1161
     2.8930    0.1154
     2.9040    0.1146
     2.9150    0.1139
     2.9260    0.1132
     2.9370    0.1126
     2.9480    0.1119
     2.9590    0.1112
     2.9700    0.1105
     2.9810    0.1099
     2.9920    0.1092
     3.0030    0.1085
     3.0140    0.1079
     3.0250    0.1072
     3.0360    0.1066
     3.0470    0.1060
     3.0580    0.1053
     3.0690    0.1047
     3.0800    0.1041
     3.0910    0.1035
     3.1020    0.1029
     3.1130    0.1023
     3.1240    0.1017
     3.1350    0.1011
     3.1460    0.1005
     3.1570    0.0999
     3.1680    0.0994
     3.1790    0.0988
     3.1900    0.0982
     3.2010    0.0977
     3.2120    0.0971
     3.2230    0.0966
     3.2340    0.0960
     3.2450    0.0955
     3.2560    0.0949
     3.2670    0.0944
     3.2780    0.0939
     3.2890    0.0933
     3.3000    0.0928
     3.3110    0.0923
     3.3220    0.0918
     3.3330    0.0913
     3.3440    0.0908
     3.3550    0.0903
     3.3660    0.0898
     3.3770    0.0893
     3.3880    0.0888
     3.3990    0.0883
     3.4100    0.0878
     3.4210    0.0874
     3.4320    0.0869
     3.4430    0.0864
     3.4540    0.0860
     3.4650    0.0855
     3.4760    0.0850
     3.4870    0.0846
     3.4980    0.0841
     3.5090    0.0837
     3.5200    0.0832
     3.5310    0.0828
     3.5420    0.0824
     3.5530    0.0819
     3.5640    0.0815
     3.5750    0.0811
     3.5860    0.0806
     3.5970    0.0802
     3.6080    0.0798
     3.6190    0.0794
     3.6300    0.0790
     3.6410    0.0786
     3.6520    0.0782
     3.6630    0.0778
     3.6740    0.0774
     3.6850    0.0770
     3.6960    0.0766
     3.7070    0.0762
     3.7180    0.0758
     3.7290    0.0754
     3.7400    0.0750
     3.7510    0.0747
     3.7620    0.0743
     3.7730    0.0739
     3.7840    0.0735
     3.7950    0.0732
     3.8060    0.0728
     3.8170    0.0724
     3.8280    0.0721
     3.8390    0.0717
     3.8500    0.0714
     3.8610    0.0710
     3.8720    0.0707
     3.8830    0.0703
     3.8940    0.0700
     3.9050    0.0696
     3.9160    0.0693
     3.9270    0.0690
     3.9380    0.0686
     3.9490    0.0683
     3.9600    0.0680
     3.9710    0.0676
     3.9820    0.0673
     3.9930    0.0670
     4.0040    0.0667
     4.0150    0.0663
     4.0260    0.0660
     4.0370    0.0657
     4.0480    0.0654
     4.0590    0.0651
     4.0700    0.0648
     4.0810    0.0645
     4.0920    0.0642
     4.1030    0.0639
     4.1140    0.0636
     4.1250    0.0633
     4.1360    0.0630
     4.1470    0.0627
     4.1580    0.0624
     4.1690    0.0621
     4.1800    0.0618
     4.1910    0.0615
     4.2020    0.0612
     4.2130    0.0610
     4.2240    0.0607
     4.2350    0.0604
     4.2460    0.0601
     4.2570    0.0598
     4.2680    0.0596
     4.2790    0.0593
     4.2900    0.0590
     4.3010    0.0588
     4.3120    0.0585
     4.3230    0.0582
     4.3340    0.0580
     4.3450    0.0577
     4.3560    0.0574
     4.3670    0.0572
     4.3780    0.0569
     4.3890    0.0567
     4.4000    0.0564
     4.4110    0.0562
     4.4220    0.0559
     4.4330    0.0557
     4.4440    0.0554
     4.4550    0.0552
     4.4660    0.0549
     4.4770    0.0547
     4.4880    0.0545
     4.4990    0.0542
     4.5100    0.0540
     4.5210    0.0537
     4.5320    0.0535
     4.5430    0.0533
     4.5540    0.0530
     4.5650    0.0528
     4.5760    0.0526
     4.5870    0.0524
     4.5980    0.0521
     4.6090    0.0519
     4.6200    0.0517
     4.6310    0.0515
     4.6420    0.0512
     4.6530    0.0510
     4.6640    0.0508
     4.6750    0.0506
     4.6860    0.0504
     4.6970    0.0502
     4.7080    0.0499
     4.7190    0.0497
     4.7300    0.0495
     4.7410    0.0493
     4.7520    0.0491
     4.7630    0.0489
     4.7740    0.0487
     4.7850    0.0485
     4.7960    0.0483
     4.8070    0.0481
     4.8180    0.0479
     4.8290    0.0477
     4.8400    0.0475
     4.8510    0.0473
     4.8620    0.0471
     4.8730    0.0469
     4.8840    0.0467
     4.8950    0.0465
     4.9060    0.0463
     4.9170    0.0461
     4.9280    0.0459
     4.9390    0.0458
     4.9500    0.0456
     4.9610    0.0454
     4.9720    0.0452
     4.9830    0.0450
     4.9940    0.0448
     5.0050    0.0447
     5.0160    0.0445
     5.0270    0.0443
     5.0380    0.0441
     5.0490    0.0439
     5.0600    0.0438
     5.0710    0.0436
     5.0820    0.0434
     5.0930    0.0432
     5.1040    0.0431
     5.1150    0.0429
     5.1260    0.0427
     5.1370    0.0426
     5.1480    0.0424
     5.1590    0.0422
     5.1700    0.0421
     5.1810    0.0419
     5.1920    0.0417
     5.2030    0.0416
     5.2140    0.0414
     5.2250    0.0412
     5.2360    0.0411
     5.2470    0.0409
     5.2580    0.0408
     5.2690    0.0406
     5.2800    0.0404
     5.2910    0.0403
     5.3020    0.0401
     5.3130    0.0400
     5.3240    0.0398
     5.3350    0.0397
     5.3460    0.0395
     5.3570    0.0394
     5.3680    0.0392
     5.3790    0.0391
     5.3900    0.0389
     5.4010    0.0388
     5.4120    0.0386
     5.4230    0.0385
     5.4340    0.0383
     5.4450    0.0382
     5.4560    0.0380
     5.4670    0.0379
     5.4780    0.0377
     5.4890    0.0376
     5.5000    0.0374
