    0.0000    1.0000
    0.0110    0.9978
    0.0220    0.9954
    0.0330    0.9931
    0.0440    0.9908
    0.0550    0.9887
    0.0660    0.9867
    0.0770    0.9849
    0.0880    0.9833
    0.0990    0.9819
    0.1100    0.9807
    0.1210    0.9798
    0.1320    0.9790
    0.1430    0.9785
    0.1540    0.9782
    0.1650    0.9781
    0.1760    0.9781
    0.1870    0.9783
    0.1980    0.9787
    0.2090    0.9793
    0.2200    0.9799
    0.2310    0.9807
    0.2420    0.9817
    0.2530    0.9827
    0.2640    0.9839
    0.2750    0.9852
    0.2860    0.9865
    0.2970    0.9879
    0.3080    0.9895
    0.3190    0.9910
    0.3300    0.9926
    0.3410    0.9943
    0.3520    0.9959
    0.3630    0.9978
    0.3740    0.9995
    0.3850    1.0012
    0.3960    1.0030
    0.4070    1.0049
    0.4180    1.0067
    0.4290    1.0085
    0.4400    1.0104
    0.4510    1.0122
    0.4620    1.0140
    0.4730    1.0159
    0.4840    1.0177
    0.4950    1.0195
    0.5060    1.0213
    0.5170    1.0229
    0.5280    1.0246
    0.5390    1.0264
    0.5500    1.0281
    0.5610    1.0297
    0.5720    1.0314
    0.5830    1.0330
    0.5940    1.0346
    0.6050    1.0359
    0.6160    1.0374
    0.6270    1.0389
    0.6380    1.0403
    0.6490    1.0418
    0.6600    1.0431
    0.6710    1.0443
    0.6820    1.0457
    0.6930    1.0469
    0.7040    1.0481
    0.7150    1.0492
    0.7260    1.0503
    0.7370    1.0514
    0.7480    1.0523
    0.7590    1.0534
    0.7700    1.0542
    0.7810    1.0552
    0.7920    1.0560
    0.8030    1.0568
    0.8140    1.0578
    0.8250    1.0584
    0.8360    1.0592
    0.8470    1.0598
    0.8580    1.0605
    0.8690    1.0612
    0.8800    1.0616
    0.8910    1.0622
    0.9020    1.0625
    0.9130    1.0631
    0.9240    1.0635
    0.9350    1.0641
    0.9460    1.0644
    0.9570    1.0647
    0.9680    1.0648
    0.9790    1.0651
    0.9900    1.0653
    1.0010    1.0657
    1.0120    1.0656
    1.0230    1.0658
    1.0340    1.0658
    1.0450    1.0662
    1.0560    1.0660
    1.0670    1.0662
    1.0780    1.0662
    1.0890    1.0662
    1.1000    1.0660
    1.1110    1.0659
    1.1220    1.0660
    1.1330    1.0657
    1.1440    1.0656
    1.1550    1.0653
    1.1660    1.0651
    1.1770    1.0651
    1.1880    1.0648
    1.1990    1.0643
    1.2100    1.0640
    1.2210    1.0638
    1.2320    1.0635
    1.2430    1.0633
    1.2540    1.0628
    1.2650    1.0626
    1.2760    1.0622
    1.2870    1.0616
    1.2980    1.0612
    1.3090    1.0610
    1.3200    1.0602
    1.3310    1.0600
    1.3420    1.0592
    1.3530    1.0587
    1.3640    1.0584
    1.3750    1.0579
    1.3860    1.0572
    1.3970    1.0568
    1.4080    1.0562
    1.4190    1.0554
    1.4300    1.0550
    1.4410    1.0543
    1.4520    1.0535
    1.4630    1.0529
    1.4740    1.0522
    1.4850    1.0518
    1.4960    1.0513
    1.5070    1.0506
    1.5180    1.0497
    1.5290    1.0491
    1.5400    1.0484
    1.5510    1.0476
    1.5620    1.0471
    1.5730    1.0464
    1.5840    1.0456
    1.5950    1.0446
    1.6060    1.0440
    1.6170    1.0432
    1.6280    1.0429
    1.6390    1.0419
    1.6500    1.0412
    1.6610    1.0404
    1.6720    1.0395
    1.6830    1.0390
    1.6940    1.0378
    1.7050    1.0370
    1.7160    1.0367
    1.7270    1.0356
    1.7380    1.0351
    1.7490    1.0343
    1.7600    1.0335
    1.7710    1.0325
    1.7820    1.0320
    1.7930    1.0313
    1.8040    1.0299
    1.8150    1.0297
    1.8260    1.0287
    1.8370    1.0275
    1.8480    1.0269
    1.8590    1.0261
    1.8700    1.0253
    1.8810    1.0243
    1.8920    1.0238
    1.9030    1.0233
    1.9140    1.0219
    1.9250    1.0211
    1.9360    1.0202
    1.9470    1.0199
    1.9580    1.0188
    1.9690    1.0182
    1.9800    1.0176
    1.9910    1.0168
    2.0020    1.0160
    2.0130    1.0150
    2.0240    1.0139
    2.0350    1.0135
    2.0460    1.0121
    2.0570    1.0115
    2.0680    1.0107
    2.0790    1.0099
    2.0900    1.0089
    2.1010    1.0086
    2.1120    1.0074
    2.1230    1.0070
    2.1340    1.0064
    2.1450    1.0057
    2.1560    1.0041
    2.1670    1.0041
    2.1780    1.0031
    2.1890    1.0020
    2.2000    1.0018
    2.2110    1.0005
    2.2220    1.0000
    2.2330    0.9994
    2.2440    0.9987
    2.2550    0.9980
    2.2660    0.9971
    2.2770    0.9962
    2.2880    0.9951
    2.2990    0.9949
    2.3100    0.9937
    2.3210    0.9933
    2.3320    0.9919
    2.3430    0.9913
    2.3540    0.9907
    2.3650    0.9899
    2.3760    0.9891
    2.3870    0.9882
    2.3980    0.9882
    2.4090    0.9871
    2.4200    0.9860
    2.4310    0.9857
    2.4420    0.9844
    2.4530    0.9840
    2.4640    0.9835
    2.4750    0.9830
    2.4860    0.9824
    2.4970    0.9817
    2.5080    0.9809
    2.5190    0.9800
    2.5300    0.9791
    2.5410    0.9781
    2.5520    0.9781
    2.5630    0.9769
    2.5740    0.9767
    2.5850    0.9754
    2.5960    0.9751
    2.6070    0.9747
    2.6180    0.9743
    2.6290    0.9727
    2.6400    0.9721
    2.6510    0.9714
    2.6620    0.9707
    2.6730    0.9699
    2.6840    0.9703
    2.6950    0.9693
    2.7060    0.9684
    2.7170    0.9673
    2.7280    0.9674
    2.7390    0.9661
    2.7500    0.9661
    2.7610    0.9647
    2.7720    0.9646
    2.7830    0.9643
    2.7940    0.9641
    2.8050    0.9624
    2.8160    0.9620
    2.8270    0.9615
    2.8380    0.9610
    2.8490    0.9603
    2.8600    0.9597
    2.8710    0.9589
    2.8820    0.9581
    2.8930    0.9586
    2.9040    0.9577
    2.9150    0.9567
    2.9260    0.9557
    2.9370    0.9559
    2.9480    0.9548
    2.9590    0.9549
    2.9700    0.9536
    2.9810    0.9537
    2.9920    0.9522
    3.0030    0.9522
    3.0140    0.9521
    3.0250    0.9505
    3.0360    0.9502
    3.0470    0.9500
    3.0580    0.9496
    3.0690    0.9493
    3.0800    0.9488
    3.0910    0.9483
    3.1020    0.9478
    3.1130    0.9472
    3.1240    0.9466
    3.1350    0.9459
    3.1460    0.9451
    3.1570    0.9443
    3.1680    0.9434
    3.1790    0.9441
    3.1900    0.9431
    3.2010    0.9421
    3.2120    0.9426
    3.2230    0.9414
    3.2340    0.9419
    3.2450    0.9406
    3.2560    0.9393
    3.2670    0.9396
    3.2780    0.9399
    3.2890    0.9384
    3.3000    0.9386
    3.3110    0.9370
    3.3220    0.9371
    3.3330    0.9371
    3.3440    0.9354
    3.3550    0.9353
    3.3660    0.9352
    3.3770    0.9351
    3.3880    0.9349
    3.3990    0.9347
    3.4100    0.9326
    3.4210    0.9323
    3.4320    0.9319
    3.4430    0.9315
    3.4540    0.9310
    3.4650    0.9305
    3.4760    0.9300
    3.4870    0.9294
    3.4980    0.9306
    3.5090    0.9299
    3.5200    0.9292
    3.5310    0.9284
    3.5420    0.9276
    3.5530    0.9267
    3.5640    0.9277
    3.5750    0.9268
    3.5860    0.9258
    3.5970    0.9267
    3.6080    0.9256
    3.6190    0.9245
    3.6300    0.9253
    3.6410    0.9241
    3.6520    0.9229
    3.6630    0.9236
    3.6740    0.9222
    3.6850    0.9228
    3.6960    0.9214
    3.7070    0.9220
    3.7180    0.9205
    3.7290    0.9209
    3.7400    0.9214
    3.7510    0.9198
    3.7620    0.9201
    3.7730    0.9184
    3.7840    0.9187
    3.7950    0.9190
    3.8060    0.9172
    3.8170    0.9174
    3.8280    0.9176
    3.8390    0.9177
    3.8500    0.9157
    3.8610    0.9158
    3.8720    0.9158
    3.8830    0.9158
    3.8940    0.9158
    3.9050    0.9136
    3.9160    0.9135
    3.9270    0.9134
    3.9380    0.9132
    3.9490    0.9130
    3.9600    0.9128
    3.9710    0.9126
    3.9820    0.9123
    3.9930    0.9120
    4.0040    0.9116
    4.0150    0.9113
    4.0260    0.9109
    4.0370    0.9104
    4.0480    0.9099
    4.0590    0.9094
    4.0700    0.9089
    4.0810    0.9083
    4.0920    0.9077
    4.1030    0.9070
    4.1140    0.9088
    4.1250    0.9081
    4.1360    0.9073
    4.1470    0.9065
    4.1580    0.9057
    4.1690    0.9049
    4.1800    0.9065
    4.1910    0.9056
    4.2020    0.9046
    4.2130    0.9037
    4.2240    0.9052
    4.2350    0.9041
    4.2460    0.9031
    4.2570    0.9019
    4.2680    0.9034
    4.2790    0.9022
    4.2900    0.9010
    4.3010    0.9023
    4.3120    0.9011
    4.3230    0.9024
    4.3340    0.9011
    4.3450    0.8997
    4.3560    0.9009
    4.3670    0.8995
    4.3780    0.9007
    4.3890    0.8992
    4.4000    0.8977
    4.4110    0.8988
    4.4220    0.8972
    4.4330    0.8983
    4.4440    0.8966
    4.4550    0.8977
    4.4660    0.8960
    4.4770    0.8970
    4.4880    0.8952
    4.4990    0.8962
    4.5100    0.8943
    4.5210    0.8952
    4.5320    0.8961
    4.5430    0.8942
    4.5540    0.8950
    4.5650    0.8930
    4.5760    0.8938
    4.5870    0.8946
    4.5980    0.8925
    4.6090    0.8933
    4.6200    0.8911
    4.6310    0.8918
    4.6420    0.8925
    4.6530    0.8902
    4.6640    0.8908
    4.6750    0.8915
    4.6860    0.8891
    4.6970    0.8897
    4.7080    0.8902
    4.7190    0.8908
    4.7300    0.8883
    4.7410    0.8888
    4.7520    0.8893
    4.7630    0.8897
    4.7740    0.8871
    4.7850    0.8875
    4.7960    0.8879
    4.8070    0.8883
    4.8180    0.8855
    4.8290    0.8858
    4.8400    0.8862
    4.8510    0.8865
    4.8620    0.8868
    4.8730    0.8870
    4.8840    0.8840
    4.8950    0.8842
    4.9060    0.8844
    4.9170    0.8846
    4.9280    0.8848
    4.9390    0.8849
    4.9500    0.8817
    4.9610    0.8818
    4.9720    0.8819
    4.9830    0.8819
    4.9940    0.8820
    5.0050    0.8820
    5.0160    0.8820
    5.0270    0.8819
    5.0380    0.8819
    5.0490    0.8818
    5.0600    0.8817
    5.0710    0.8816
    5.0820    0.8780
    5.0930    0.8779
    5.1040    0.8777
    5.1150    0.8775
    5.1260    0.8773
    5.1370    0.8770
    5.1480    0.8768
    5.1590    0.8765
    5.1700    0.8762
    5.1810    0.8759
    5.1920    0.8755
    5.2030    0.8752
    5.2140    0.8748
    5.2250    0.8744
    5.2360    0.8739
    5.2470    0.8772
    5.2580    0.8767
    5.2690    0.8762
    5.2800    0.8757
    5.2910    0.8752
    5.3020    0.8747
    5.3130    0.8741
    5.3240    0.8735
    5.3350    0.8729
    5.3460    0.8723
    5.3570    0.8716
    5.3680    0.8710
    5.3790    0.8703
    5.3900    0.8734
    5.4010    0.8727
    5.4120    0.8719
    5.4230    0.8712
    5.4340    0.8704
    5.4450    0.8696
    5.4560    0.8687
    5.4670    0.8679
    5.4780    0.8710
    5.4890    0.8701
    5.5000    0.8691
