     0.0000    1.0000
     0.0110    0.9651
     0.0220    0.9323
     0.0330    0.9016
     0.0440    0.8726
     0.0550    0.8453
     0.0660    0.8196
     0.0770    0.7953
     0.0880    0.7722
     0.0990    0.7503
     0.1100    0.7296
     0.1210    0.7098
     0.1320    0.6910
     0.1430    0.6730
     0.1540    0.6558
     0.1650    0.6394
     0.1760    0.6237
     0.1870    0.6086
     0.1980    0.5941
     0.2090    0.5802
     0.2200    0.5668
     0.2310    0.5539
     0.2420    0.5415
     0.2530    0.5295
     0.2640    0.5179
     0.2750    0.5068
     0.2860    0.4959
     0.2970    0.4855
     0.3080    0.4753
     0.3190    0.4655
     0.3300    0.4560
     0.3410    0.4468
     0.3520    0.4378
     0.3630    0.4291
     0.3740    0.4206
     0.3850    0.4124
     0.3960    0.4044
     0.4070    0.3966
     0.4180    0.3891
     0.4290    0.3817
     0.4400    0.3745
     0.4510    0.3675
     0.4620    0.3607
     0.4730    0.3541
     0.4840    0.3476
     0.4950    0.3413
     0.5060    0.3351
     0.5170    0.3291
     0.5280    0.3232
     0.5390    0.3175
     0.5500    0.3119
     0.5610    0.3064
     0.5720    0.3011
     0.5830    0.2959
     0.5940    0.2908
     0.6050    0.2858
     0.6160    0.2809
     0.6270    0.2761
     0.6380    0.2715
     0.6490    0.2669
     0.6600    0.2624
     0.6710    0.2581
     0.6820    0.2538
     0.6930    0.2496
     0.7040    0.2455
     0.7150    0.2415
     0.7260    0.2376
     0.7370    0.2337
     0.7480    0.2300
     0.7590    0.2263
     0.7700    0.2227
     0.7810    0.2191
     0.7920    0.2157
     0.8030    0.2123
     0.8140    0.2089
     0.8250    0.2057
     0.8360    0.2025
     0.8470    0.1993
     0.8580    0.1962
     0.8690    0.1932
     0.8800    0.1903
     0.8910    0.1874
     0.9020    0.1845
     0.9130    0.1817
     0.9240    0.1790
     0.9350    0.1763
     0.9460    0.1737
     0.9570    0.1711
     0.9680    0.1686
     0.9790    0.1661
     0.9900    0.1636
     1.0010    0.1612
     1.0120    0.1589
     1.0230    0.1566
     1.0340    0.1543
     1.0450    0.1521
     1.0560    0.1499
     1.0670    0.1478
     1.0780    0.1456
     1.0890    0.1436
     1.1000    0.1415
     1.1110    0.1395
     1.1220    0.1376
     1.1330    0.1357
     1.1440    0.1338
     1.1550    0.1319
     1.1660    0.1301
     1.1770    0.1283
     1.1880    0.1265
     1.1990    0.1248
     1.2100    0.1231
     1.2210    0.1214
     1.2320    0.1198
     1.2430    0.1182
     1.2540    0.1166
     1.2650    0.1150
     1.2760    0.1135
     1.2870    0.1120
     1.2980    0.1105
     1.3090    0.1090
     1.3200    0.1076
     1.3310    0.1062
     1.3420    0.1048
     1.3530    0.1035
     1.3640    0.1021
     1.3750    0.1008
     1.3860    0.0995
     1.3970    0.0982
     1.4080    0.0970
     1.4190    0.0957
     1.4300    0.0945
     1.4410    0.0933
     1.4520    0.0922
     1.4630    0.0910
     1.4740    0.0899
     1.4850    0.0887
     1.4960    0.0876
     1.5070    0.0866
     1.5180    0.0855
     1.5290    0.0844
     1.5400    0.0834
     1.5510    0.0824
     1.5620    0.0814
     1.5730    0.0804
     1.5840    0.0794
     1.5950    0.0785
     1.6060    0.0775
     1.6170    0.0766
     1.6280    0.0757
     1.6390    0.0748
     1.6500    0.0739
     1.6610    0.0731
     1.6720    0.0722
     1.6830    0.0714
     1.6940    0.0705
     1.7050    0.0697
     1.7160    0.0689
     1.7270    0.0681
     1.7380    0.0673
     1.7490    0.0665
     1.7600    0.0658
     1.7710    0.0650
     1.7820    0.0643
     1.7930    0.0636
     1.8040    0.0629
     1.8150    0.0622
     1.8260    0.0615
     1.8370    0.0608
     1.8480    0.0601
     1.8590    0.0594
     1.8700    0.0588
     1.8810    0.0581
     1.8920    0.0575
     1.9030    0.0569
     1.9140    0.0563
     1.9250    0.0556
     1.9360    0.0550
     1.9470    0.0544
     1.9580    0.0539
     1.9690    0.0533
     1.9800    0.0527
     1.9910    0.0522
     2.0020    0.0516
     2.0130    0.0511
     2.0240    0.0505
     2.0350    0.0500
     2.0460    0.0495
     2.0570    0.0490
     2.0680    0.0484
     2.0790    0.0479
     2.0900    0.0475
     2.1010    0.0470
     2.1120    0.0465
     2.1230    0.0460
     2.1340    0.0455
     2.1450    0.0451
     2.1560    0.0446
     2.1670    0.0442
     2.1780    0.0437
     2.1890    0.0433
     2.2000    0.0429
     2.2110    0.0424
     2.2220    0.0420
     2.2330    0.0416
     2.2440    0.0412
     2.2550    0.0408
     2.2660    0.0404
     2.2770    0.0400
     2.2880    0.0396
     2.2990    0.0392
     2.3100    0.0388
     2.3210    0.0385
     2.3320    0.0381
     2.3430    0.0377
     2.3540    0.0374
     2.3650    0.0370
     2.3760    0.0367
     2.3870    0.0363
     2.3980    0.0360
     2.4090    0.0356
     2.4200    0.0353
     2.4310    0.0350
     2.4420    0.0347
     2.4530    0.0343
     2.4640    0.0340
     2.4750    0.0337
     2.4860    0.0334
     2.4970    0.0331
     2.5080    0.0328
     2.5190    0.0325
     2.5300    0.0322
     2.5410    0.0319
     2.5520    0.0316
     2.5630    0.0313
     2.5740    0.0311
     2.5850    0.0308
     2.5960    0.0305
     2.6070    0.0302
     2.6180    0.0300
     2.6290    0.0297
     2.6400    0.0294
     2.6510    0.0292
     2.6620    0.0289
     2.6730    0.0287
     2.6840    0.0284
     2.6950    0.0282
     2.7060    0.0279
     2.7170    0.0277
     2.7280    0.0275
     2.7390    0.0272
     2.7500    0.0270
     2.7610    0.0268
     2.7720    0.0265
     2.7830    0.0263
     2.7940    0.0261
     2.8050    0.0259
     2.8160    0.0257
     2.8270    0.0255
     2.8380    0.0252
     2.8490    0.0250
     2.8600    0.0248
     2.8710    0.0246
     2.8820    0.0244
     2.8930    0.0242
     2.9040    0.0240
     2.9150    0.0238
     2.9260    0.0236
     2.9370    0.0234
     2.9480    0.0233
     2.9590    0.0231
     2.9700    0.0229
     2.9810    0.0227
     2.9920    0.0225
     3.0030    0.0223
     3.0140    0.0222
     3.0250    0.0220
     3.0360    0.0218
     3.0470    0.0216
     3.0580    0.0215
     3.0690    0.0213
     3.0800    0.0211
     3.0910    0.0210
     3.1020    0.0208
     3.1130    0.0207
     3.1240    0.0205
     3.1350    0.0203
     3.1460    0.0202
     3.1570    0.0200
     3.1680    0.0199
     3.1790    0.0197
     3.1900    0.0196
     3.2010    0.0194
     3.2120    0.0193
     3.2230    0.0191
     3.2340    0.0190
     3.2450    0.0189
     3.2560    0.0187
     3.2670    0.0186
     3.2780    0.0184
     3.2890    0.0183
     3.3000    0.0182
     3.3110    0.0180
     3.3220    0.0179
     3.3330    0.0178
     3.3440    0.0177
     3.3550    0.0175
     3.3660    0.0174
     3.3770    0.0173
     3.3880    0.0172
     3.3990    0.0170
     3.4100    0.0169
     3.4210    0.0168
     3.4320    0.0167
     3.4430    0.0165
     3.4540    0.0164
     3.4650    0.0163
     3.4760    0.0162
     3.4870    0.0161
     3.4980    0.0160
     3.5090    0.0159
     3.5200    0.0158
     3.5310    0.0156
     3.5420    0.0155
     3.5530    0.0154
     3.5640    0.0153
     3.5750    0.0152
     3.5860    0.0151
     3.5970    0.0150
     3.6080    0.0149
     3.6190    0.0148
     3.6300    0.0147
     3.6410    0.0146
     3.6520    0.0145
     3.6630    0.0144
     3.6740    0.0143
     3.6850    0.0142
     3.6960    0.0141
     3.7070    0.0140
     3.7180    0.0139
     3.7290    0.0139
     3.7400    0.0138
     3.7510    0.0137
     3.7620    0.0136
     3.7730    0.0135
     3.7840    0.0134
     3.7950    0.0133
     3.8060    0.0132
     3.8170    0.0131
     3.8280    0.0131
     3.8390    0.0130
     3.8500    0.0129
     3.8610    0.0128
     3.8720    0.0127
     3.8830    0.0127
     3.8940    0.0126
     3.9050    0.0125
     3.9160    0.0124
     3.9270    0.0123
     3.9380    0.0123
     3.9490    0.0122
     3.9600    0.0121
     3.9710    0.0120
     3.9820    0.0120
     3.9930    0.0119
     4.0040    0.0118
     4.0150    0.0117
     4.0260    0.0117
     4.0370    0.0116
     4.0480    0.0115
     4.0590    0.0114
     4.0700    0.0114
     4.0810    0.0113
     4.0920    0.0112
     4.1030    0.0112
     4.1140    0.0111
     4.1250    0.0110
     4.1360    0.0110
     4.1470    0.0109
     4.1580    0.0108
     4.1690    0.0108
     4.1800    0.0107
     4.1910    0.0106
     4.2020    0.0106
     4.2130    0.0105
     4.2240    0.0105
     4.2350    0.0104
     4.2460    0.0103
     4.2570    0.0103
     4.2680    0.0102
     4.2790    0.0102
     4.2900    0.0101
     4.3010    0.0100
     4.3120    0.0100
     4.3230    0.0099
     4.3340    0.0099
     4.3450    0.0098
     4.3560    0.0098
     4.3670    0.0097
     4.3780    0.0096
     4.3890    0.0096
     4.4000    0.0095
     4.4110    0.0095
     4.4220    0.0094
     4.4330    0.0094
     4.4440    0.0093
     4.4550    0.0093
     4.4660    0.0092
     4.4770    0.0092
     4.4880    0.0091
     4.4990    0.0091
     4.5100    0.0090
     4.5210    0.0090
     4.5320    0.0089
     4.5430    0.0089
     4.5540    0.0088
     4.5650    0.0088
     4.5760    0.0087
     4.5870    0.0087
     4.5980    0.0086
     4.6090    0.0086
     4.6200    0.0085
     4.6310    0.0085
     4.6420    0.0084
     4.6530    0.0084
     4.6640    0.0084
     4.6750    0.0083
     4.6860    0.0083
     4.6970    0.0082
     4.7080    0.0082
     4.7190    0.0081
     4.7300    0.0081
     4.7410    0.0080
     4.7520    0.0080
     4.7630    0.0080
     4.7740    0.0079
     4.7850    0.0079
     4.7960    0.0078
     4.8070    0.0078
     4.8180    0.0078
     4.8290    0.0077
     4.8400    0.0077
     4.8510    0.0076
     4.8620    0.0076
     4.8730    0.0076
     4.8840    0.0075
     4.8950    0.0075
     4.9060    0.0074
     4.9170    0.0074
     4.9280    0.0074
     4.9390    0.0073
     4.9500    0.0073
     4.9610    0.0073
     4.9720    0.0072
     4.9830    0.0072
     4.9940    0.0071
     5.0050    0.0071
     5.0160    0.0071
     5.0270    0.0070
     5.0380    0.0070
     5.0490    0.0070
     5.0600    0.0069
     5.0710    0.0069
     5.0820    0.0069
     5.0930    0.0068
     5.1040    0.0068
     5.1150    0.0068
     5.1260    0.0067
     5.1370    0.0067
     5.1480    0.0067
     5.1590    0.0066
     5.1700    0.0066
     5.1810    0.0066
     5.1920    0.0065
     5.2030    0.0065
     5.2140    0.0065
     5.2250    0.0064
     5.2360    0.0064
     5.2470    0.0064
     5.2580    0.0063
     5.2690    0.0063
     5.2800    0.0063
     5.2910    0.0063
     5.3020    0.0062
     5.3130    0.0062
     5.3240    0.0062
     5.3350    0.0061
     5.3460    0.0061
     5.3570    0.0061
     5.3680    0.0060
     5.3790    0.0060
     5.3900    0.0060
     5.4010    0.0060
     5.4120    0.0059
     5.4230    0.0059
     5.4340    0.0059
     5.4450    0.0059
     5.4560    0.0058
     5.4670    0.0058
     5.4780    0.0058
     5.4890    0.0057
     5.5000    0.0057
