    0.0000    1.0000
    0.0110    0.9952
    0.0220    0.9910
    0.0330    0.9874
    0.0440    0.9841
    0.0550    0.9813
    0.0660    0.9791
    0.0770    0.9772
    0.0880    0.9755
    0.0990    0.9741
    0.1100    0.9732
    0.1210    0.9723
    0.1320    0.9718
    0.1430    0.9714
    0.1540    0.9711
    0.1650    0.9711
    0.1760    0.9712
    0.1870    0.9714
    0.1980    0.9717
    0.2090    0.9721
    0.2200    0.9725
    0.2310    0.9730
    0.2420    0.9735
    0.2530    0.9741
    0.2640    0.9746
    0.2750    0.9754
    0.2860    0.9759
    0.2970    0.9766
    0.3080    0.9771
    0.3190    0.9778
    0.3300    0.9784
    0.3410    0.9790
    0.3520    0.9795
    0.3630    0.9800
    0.3740    0.9804
    0.3850    0.9809
    0.3960    0.9813
    0.4070    0.9816
    0.4180    0.9821
    0.4290    0.9823
    0.4400    0.9825
    0.4510    0.9827
    0.4620    0.9828
    0.4730    0.9831
    0.4840    0.9830
    0.4950    0.9831
    0.5060    0.9829
    0.5170    0.9829
    0.5280    0.9826
    0.5390    0.9825
    0.5500    0.9823
    0.5610    0.9819
    0.5720    0.9817
    0.5830    0.9814
    0.5940    0.9809
    0.6050    0.9804
    0.6160    0.9798
    0.6270    0.9791
    0.6380    0.9787
    0.6490    0.9778
    0.6600    0.9770
    0.6710    0.9765
    0.6820    0.9756
    0.6930    0.9746
    0.7040    0.9737
    0.7150    0.9728
    0.7260    0.9719
    0.7370    0.9707
    0.7480    0.9699
    0.7590    0.9687
    0.7700    0.9677
    0.7810    0.9662
    0.7920    0.9653
    0.8030    0.9641
    0.8140    0.9625
    0.8250    0.9615
    0.8360    0.9601
    0.8470    0.9584
    0.8580    0.9569
    0.8690    0.9556
    0.8800    0.9544
    0.8910    0.9529
    0.9020    0.9511
    0.9130    0.9495
    0.9240    0.9481
    0.9350    0.9464
    0.9460    0.9449
    0.9570    0.9432
    0.9680    0.9417
    0.9790    0.9400
    0.9900    0.9379
    1.0010    0.9362
    1.0120    0.9347
    1.0230    0.9330
    1.0340    0.9310
    1.0450    0.9293
    1.0560    0.9274
    1.0670    0.9258
    1.0780    0.9234
    1.0890    0.9219
    1.1000    0.9196
    1.1110    0.9177
    1.1220    0.9161
    1.1330    0.9144
    1.1440    0.9123
    1.1550    0.9101
    1.1660    0.9083
    1.1770    0.9063
    1.1880    0.9040
    1.1990    0.9022
    1.2100    0.9002
    1.2210    0.8980
    1.2320    0.8963
    1.2430    0.8943
    1.2540    0.8922
    1.2650    0.8898
    1.2760    0.8881
    1.2870    0.8860
    1.2980    0.8838
    1.3090    0.8814
    1.3200    0.8796
    1.3310    0.8776
    1.3420    0.8754
    1.3530    0.8738
    1.3640    0.8712
    1.3750    0.8693
    1.3860    0.8671
    1.3970    0.8648
    1.4080    0.8632
    1.4190    0.8605
    1.4300    0.8585
    1.4410    0.8563
    1.4520    0.8549
    1.4630    0.8524
    1.4740    0.8506
    1.4850    0.8478
    1.4960    0.8457
    1.5070    0.8444
    1.5180    0.8419
    1.5290    0.8393
    1.5400    0.8376
    1.5510    0.8356
    1.5620    0.8335
    1.5730    0.8313
    1.5840    0.8289
    1.5950    0.8274
    1.6060    0.8246
    1.6170    0.8228
    1.6280    0.8209
    1.6390    0.8187
    1.6500    0.8165
    1.6610    0.8152
    1.6720    0.8127
    1.6830    0.8111
    1.6940    0.8082
    1.7050    0.8064
    1.7160    0.8044
    1.7270    0.8023
    1.7380    0.8001
    1.7490    0.7977
    1.7600    0.7963
    1.7710    0.7937
    1.7820    0.7921
    1.7930    0.7904
    1.8040    0.7886
    1.8150    0.7867
    1.8260    0.7846
    1.8370    0.7824
    1.8480    0.7801
    1.8590    0.7777
    1.8700    0.7764
    1.8810    0.7737
    1.8920    0.7723
    1.9030    0.7707
    1.9140    0.7690
    1.9250    0.7658
    1.9360    0.7639
    1.9470    0.7618
    1.9580    0.7611
    1.9690    0.7589
    1.9800    0.7565
    1.9910    0.7554
    2.0020    0.7529
    2.0130    0.7516
    2.0240    0.7488
    2.0350    0.7474
    2.0460    0.7458
    2.0570    0.7442
    2.0680    0.7410
    2.0790    0.7391
    2.0900    0.7387
    2.1010    0.7367
    2.1120    0.7346
    2.1230    0.7324
    2.1340    0.7301
    2.1450    0.7292
    2.1560    0.7267
    2.1670    0.7257
    2.1780    0.7230
    2.1890    0.7219
    2.2000    0.7207
    2.2110    0.7176
    2.2220    0.7162
    2.2330    0.7148
    2.2440    0.7132
    2.2550    0.7115
    2.2660    0.7098
    2.2770    0.7080
    2.2880    0.7061
    2.2990    0.7041
    2.3100    0.7020
    2.3210    0.7016
    2.3320    0.6994
    2.3430    0.6971
    2.3540    0.6965
    2.3650    0.6940
    2.3760    0.6933
    2.3870    0.6907
    2.3980    0.6898
    2.4090    0.6870
    2.4200    0.6860
    2.4310    0.6850
    2.4420    0.6839
    2.4530    0.6807
    2.4640    0.6795
    2.4750    0.6782
    2.4860    0.6768
    2.4970    0.6753
    2.5080    0.6738
    2.5190    0.6722
    2.5300    0.6705
    2.5410    0.6688
    2.5520    0.6670
    2.5630    0.6652
    2.5740    0.6653
    2.5850    0.6634
    2.5960    0.6613
    2.6070    0.6591
    2.6180    0.6591
    2.6290    0.6569
    2.6400    0.6545
    2.6510    0.6543
    2.6620    0.6519
    2.6730    0.6516
    2.6840    0.6490
    2.6950    0.6486
    2.7060    0.6458
    2.7170    0.6453
    2.7280    0.6448
    2.7390    0.6419
    2.7500    0.6412
    2.7610    0.6405
    2.7720    0.6374
    2.7830    0.6366
    2.7940    0.6357
    2.8050    0.6348
    2.8160    0.6338
    2.8270    0.6328
    2.8380    0.6293
    2.8490    0.6282
    2.8600    0.6270
    2.8710    0.6258
    2.8820    0.6245
    2.8930    0.6232
    2.9040    0.6218
    2.9150    0.6204
    2.9260    0.6189
    2.9370    0.6174
    2.9480    0.6185
    2.9590    0.6169
    2.9700    0.6152
    2.9810    0.6135
    2.9920    0.6117
    3.0030    0.6099
    3.0140    0.6107
    3.0250    0.6088
    3.0360    0.6068
    3.0470    0.6048
    3.0580    0.6055
    3.0690    0.6034
    3.0800    0.6012
    3.0910    0.6019
    3.1020    0.5996
    3.1130    0.6002
    3.1240    0.5978
    3.1350    0.5953
    3.1460    0.5958
    3.1570    0.5933
    3.1680    0.5937
    3.1790    0.5911
    3.1900    0.5914
    3.2010    0.5887
    3.2120    0.5889
    3.2230    0.5861
    3.2340    0.5863
    3.2450    0.5865
    3.2560    0.5835
    3.2670    0.5836
    3.2780    0.5805
    3.2890    0.5805
    3.3000    0.5806
    3.3110    0.5773
    3.3220    0.5773
    3.3330    0.5772
    3.3440    0.5771
    3.3550    0.5736
    3.3660    0.5735
    3.3770    0.5732
    3.3880    0.5730
    3.3990    0.5694
    3.4100    0.5691
    3.4210    0.5687
    3.4320    0.5684
    3.4430    0.5645
    3.4540    0.5641
    3.4650    0.5636
    3.4760    0.5631
    3.4870    0.5626
    3.4980    0.5620
    3.5090    0.5614
    3.5200    0.5608
    3.5310    0.5566
    3.5420    0.5559
    3.5530    0.5552
    3.5640    0.5544
    3.5750    0.5536
    3.5860    0.5528
    3.5970    0.5520
    3.6080    0.5511
    3.6190    0.5502
    3.6300    0.5493
    3.6410    0.5483
    3.6520    0.5473
    3.6630    0.5463
    3.6740    0.5452
    3.6850    0.5441
    3.6960    0.5430
    3.7070    0.5418
    3.7180    0.5406
    3.7290    0.5433
    3.7400    0.5421
    3.7510    0.5408
    3.7620    0.5395
    3.7730    0.5382
    3.7840    0.5369
    3.7950    0.5355
    3.8060    0.5340
    3.8170    0.5326
    3.8280    0.5352
    3.8390    0.5337
    3.8500    0.5321
    3.8610    0.5305
    3.8720    0.5289
    3.8830    0.5315
    3.8940    0.5298
    3.9050    0.5281
    3.9160    0.5264
    3.9270    0.5246
    3.9380    0.5271
    3.9490    0.5253
    3.9600    0.5235
    3.9710    0.5216
    3.9820    0.5241
    3.9930    0.5221
    4.0040    0.5202
    4.0150    0.5182
    4.0260    0.5206
    4.0370    0.5185
    4.0480    0.5165
    4.0590    0.5143
    4.0700    0.5167
    4.0810    0.5145
    4.0920    0.5123
    4.1030    0.5147
    4.1140    0.5124
    4.1250    0.5101
    4.1360    0.5124
    4.1470    0.5101
    4.1580    0.5077
    4.1690    0.5100
    4.1800    0.5076
    4.1910    0.5051
    4.2020    0.5073
    4.2130    0.5048
    4.2240    0.5071
    4.2350    0.5045
    4.2460    0.5019
    4.2570    0.5041
    4.2680    0.5014
    4.2790    0.5036
    4.2900    0.5009
    4.3010    0.4981
    4.3120    0.5003
    4.3230    0.4975
    4.3340    0.4997
    4.3450    0.4968
    4.3560    0.4989
    4.3670    0.4960
    4.3780    0.4930
    4.3890    0.4951
    4.4000    0.4921
    4.4110    0.4942
    4.4220    0.4911
    4.4330    0.4932
    4.4440    0.4901
    4.4550    0.4922
    4.4660    0.4889
    4.4770    0.4910
    4.4880    0.4877
    4.4990    0.4898
    4.5100    0.4865
    4.5210    0.4885
    4.5320    0.4851
    4.5430    0.4872
    4.5540    0.4837
    4.5650    0.4857
    4.5760    0.4822
    4.5870    0.4842
    4.5980    0.4807
    4.6090    0.4827
    4.6200    0.4790
    4.6310    0.4810
    4.6420    0.4773
    4.6530    0.4793
    4.6640    0.4812
    4.6750    0.4775
    4.6860    0.4794
    4.6970    0.4756
    4.7080    0.4775
    4.7190    0.4736
    4.7300    0.4755
    4.7410    0.4715
    4.7520    0.4735
    4.7630    0.4754
    4.7740    0.4713
    4.7850    0.4732
    4.7960    0.4691
    4.8070    0.4710
    4.8180    0.4728
    4.8290    0.4686
    4.8400    0.4705
    4.8510    0.4662
    4.8620    0.4681
    4.8730    0.4699
    4.8840    0.4656
    4.8950    0.4674
    4.9060    0.4630
    4.9170    0.4648
    4.9280    0.4666
    4.9390    0.4621
    4.9500    0.4639
    4.9610    0.4657
    4.9720    0.4611
    4.9830    0.4629
    4.9940    0.4582
    5.0050    0.4600
    5.0160    0.4618
    5.0270    0.4570
    5.0380    0.4588
    5.0490    0.4605
    5.0600    0.4557
    5.0710    0.4574
    5.0820    0.4592
    5.0930    0.4543
    5.1040    0.4560
    5.1150    0.4577
    5.1260    0.4527
    5.1370    0.4544
    5.1480    0.4561
    5.1590    0.4510
    5.1700    0.4527
    5.1810    0.4544
    5.1920    0.4492
    5.2030    0.4508
    5.2140    0.4525
    5.2250    0.4472
    5.2360    0.4489
    5.2470    0.4505
    5.2580    0.4451
    5.2690    0.4468
    5.2800    0.4484
    5.2910    0.4501
    5.3020    0.4445
    5.3130    0.4462
    5.3240    0.4478
    5.3350    0.4422
    5.3460    0.4438
    5.3570    0.4454
    5.3680    0.4397
    5.3790    0.4413
    5.3900    0.4429
    5.4010    0.4445
    5.4120    0.4387
    5.4230    0.4402
    5.4340    0.4418
    5.4450    0.4434
    5.4560    0.4374
    5.4670    0.4390
    5.4780    0.4406
    5.4890    0.4345
    5.5000    0.4361
