     0.0000    1.9100
     0.0110    1.8480
     0.0220    1.7887
     0.0330    1.7321
     0.0440    1.6780
     0.0550    1.6266
     0.0660    1.5776
     0.0770    1.5310
     0.0880    1.4867
     0.0990    1.4445
     0.1100    1.4043
     0.1210    1.3661
     0.1320    1.3296
     0.1430    1.2948
     0.1540    1.2617
     0.1650    1.2300
     0.1760    1.1997
     0.1870    1.1707
     0.1980    1.1429
     0.2090    1.1164
     0.2200    1.0909
     0.2310    1.0664
     0.2420    1.0429
     0.2530    1.0203
     0.2640    0.9986
     0.2750    0.9777
     0.2860    0.9575
     0.2970    0.9380
     0.3080    0.9193
     0.3190    0.9011
     0.3300    0.8836
     0.3410    0.8667
     0.3520    0.8502
     0.3630    0.8344
     0.3740    0.8190
     0.3850    0.8040
     0.3960    0.7895
     0.4070    0.7755
     0.4180    0.7618
     0.4290    0.7485
     0.4400    0.7356
     0.4510    0.7230
     0.4620    0.7108
     0.4730    0.6989
     0.4840    0.6873
     0.4950    0.6760
     0.5060    0.6650
     0.5170    0.6542
     0.5280    0.6437
     0.5390    0.6335
     0.5500    0.6235
     0.5610    0.6137
     0.5720    0.6042
     0.5830    0.5949
     0.5940    0.5858
     0.6050    0.5768
     0.6160    0.5681
     0.6270    0.5596
     0.6380    0.5512
     0.6490    0.5431
     0.6600    0.5351
     0.6710    0.5272
     0.6820    0.5196
     0.6930    0.5121
     0.7040    0.5047
     0.7150    0.4975
     0.7260    0.4904
     0.7370    0.4835
     0.7480    0.4766
     0.7590    0.4700
     0.7700    0.4634
     0.7810    0.4570
     0.7920    0.4507
     0.8030    0.4445
     0.8140    0.4385
     0.8250    0.4325
     0.8360    0.4267
     0.8470    0.4209
     0.8580    0.4153
     0.8690    0.4098
     0.8800    0.4043
     0.8910    0.3990
     0.9020    0.3937
     0.9130    0.3886
     0.9240    0.3835
     0.9350    0.3786
     0.9460    0.3737
     0.9570    0.3689
     0.9680    0.3641
     0.9790    0.3595
     0.9900    0.3549
     1.0010    0.3505
     1.0120    0.3460
     1.0230    0.3417
     1.0340    0.3374
     1.0450    0.3333
     1.0560    0.3291
     1.0670    0.3251
     1.0780    0.3211
     1.0890    0.3172
     1.1000    0.3133
     1.1110    0.3095
     1.1220    0.3058
     1.1330    0.3021
     1.1440    0.2985
     1.1550    0.2949
     1.1660    0.2914
     1.1770    0.2880
     1.1880    0.2846
     1.1990    0.2812
     1.2100    0.2779
     1.2210    0.2747
     1.2320    0.2715
     1.2430    0.2684
     1.2540    0.2653
     1.2650    0.2623
     1.2760    0.2593
     1.2870    0.2563
     1.2980    0.2534
     1.3090    0.2506
     1.3200    0.2477
     1.3310    0.2450
     1.3420    0.2422
     1.3530    0.2395
     1.3640    0.2369
     1.3750    0.2343
     1.3860    0.2317
     1.3970    0.2292
     1.4080    0.2267
     1.4190    0.2242
     1.4300    0.2218
     1.4410    0.2194
     1.4520    0.2170
     1.4630    0.2147
     1.4740    0.2124
     1.4850    0.2102
     1.4960    0.2080
     1.5070    0.2058
     1.5180    0.2036
     1.5290    0.2015
     1.5400    0.1994
     1.5510    0.1973
     1.5620    0.1953
     1.5730    0.1933
     1.5840    0.1913
     1.5950    0.1893
     1.6060    0.1874
     1.6170    0.1855
     1.6280    0.1837
     1.6390    0.1818
     1.6500    0.1800
     1.6610    0.1782
     1.6720    0.1764
     1.6830    0.1747
     1.6940    0.1729
     1.7050    0.1712
     1.7160    0.1696
     1.7270    0.1679
     1.7380    0.1663
     1.7490    0.1647
     1.7600    0.1631
     1.7710    0.1615
     1.7820    0.1600
     1.7930    0.1585
     1.8040    0.1569
     1.8150    0.1555
     1.8260    0.1540
     1.8370    0.1525
     1.8480    0.1511
     1.8590    0.1497
     1.8700    0.1483
     1.8810    0.1469
     1.8920    0.1456
     1.9030    0.1443
     1.9140    0.1429
     1.9250    0.1416
     1.9360    0.1403
     1.9470    0.1391
     1.9580    0.1378
     1.9690    0.1366
     1.9800    0.1354
     1.9910    0.1342
     2.0020    0.1330
     2.0130    0.1318
     2.0240    0.1306
     2.0350    0.1295
     2.0460    0.1283
     2.0570    0.1272
     2.0680    0.1261
     2.0790    0.1250
     2.0900    0.1239
     2.1010    0.1229
     2.1120    0.1218
     2.1230    0.1208
     2.1340    0.1198
     2.1450    0.1188
     2.1560    0.1177
     2.1670    0.1168
     2.1780    0.1158
     2.1890    0.1148
     2.2000    0.1139
     2.2110    0.1129
     2.2220    0.1120
     2.2330    0.1111
     2.2440    0.1102
     2.2550    0.1093
     2.2660    0.1084
     2.2770    0.1075
     2.2880    0.1066
     2.2990    0.1058
     2.3100    0.1049
     2.3210    0.1041
     2.3320    0.1032
     2.3430    0.1024
     2.3540    0.1016
     2.3650    0.1008
     2.3760    0.1000
     2.3870    0.0992
     2.3980    0.0985
     2.4090    0.0977
     2.4200    0.0969
     2.4310    0.0962
     2.4420    0.0954
     2.4530    0.0947
     2.4640    0.0940
     2.4750    0.0933
     2.4860    0.0926
     2.4970    0.0919
     2.5080    0.0912
     2.5190    0.0905
     2.5300    0.0898
     2.5410    0.0891
     2.5520    0.0885
     2.5630    0.0878
     2.5740    0.0872
     2.5850    0.0865
     2.5960    0.0859
     2.6070    0.0853
     2.6180    0.0847
     2.6290    0.0840
     2.6400    0.0834
     2.6510    0.0828
     2.6620    0.0822
     2.6730    0.0816
     2.6840    0.0811
     2.6950    0.0805
     2.7060    0.0799
     2.7170    0.0793
     2.7280    0.0788
     2.7390    0.0782
     2.7500    0.0777
     2.7610    0.0771
     2.7720    0.0766
     2.7830    0.0761
     2.7940    0.0756
     2.8050    0.0750
     2.8160    0.0745
     2.8270    0.0740
     2.8380    0.0735
     2.8490    0.0730
     2.8600    0.0725
     2.8710    0.0720
     2.8820    0.0715
     2.8930    0.0711
     2.9040    0.0706
     2.9150    0.0701
     2.9260    0.0696
     2.9370    0.0692
     2.9480    0.0687
     2.9590    0.0683
     2.9700    0.0678
     2.9810    0.0674
     2.9920    0.0669
     3.0030    0.0665
     3.0140    0.0661
     3.0250    0.0656
     3.0360    0.0652
     3.0470    0.0648
     3.0580    0.0644
     3.0690    0.0640
     3.0800    0.0636
     3.0910    0.0632
     3.1020    0.0628
     3.1130    0.0624
     3.1240    0.0620
     3.1350    0.0616
     3.1460    0.0612
     3.1570    0.0608
     3.1680    0.0604
     3.1790    0.0601
     3.1900    0.0597
     3.2010    0.0593
     3.2120    0.0590
     3.2230    0.0586
     3.2340    0.0583
     3.2450    0.0579
     3.2560    0.0575
     3.2670    0.0572
     3.2780    0.0569
     3.2890    0.0565
     3.3000    0.0562
     3.3110    0.0558
     3.3220    0.0555
     3.3330    0.0552
     3.3440    0.0548
     3.3550    0.0545
     3.3660    0.0542
     3.3770    0.0539
     3.3880    0.0536
     3.3990    0.0533
     3.4100    0.0529
     3.4210    0.0526
     3.4320    0.0523
     3.4430    0.0520
     3.4540    0.0517
     3.4650    0.0514
     3.4760    0.0511
     3.4870    0.0508
     3.4980    0.0506
     3.5090    0.0503
     3.5200    0.0500
     3.5310    0.0497
     3.5420    0.0494
     3.5530    0.0491
     3.5640    0.0489
     3.5750    0.0486
     3.5860    0.0483
     3.5970    0.0481
     3.6080    0.0478
     3.6190    0.0475
     3.6300    0.0473
     3.6410    0.0470
     3.6520    0.0467
     3.6630    0.0465
     3.6740    0.0462
     3.6850    0.0460
     3.6960    0.0457
     3.7070    0.0455
     3.7180    0.0452
     3.7290    0.0450
     3.7400    0.0448
     3.7510    0.0445
     3.7620    0.0443
     3.7730    0.0440
     3.7840    0.0438
     3.7950    0.0436
     3.8060    0.0433
     3.8170    0.0431
     3.8280    0.0429
     3.8390    0.0427
     3.8500    0.0424
     3.8610    0.0422
     3.8720    0.0420
     3.8830    0.0418
     3.8940    0.0416
     3.9050    0.0413
     3.9160    0.0411
     3.9270    0.0409
     3.9380    0.0407
     3.9490    0.0405
     3.9600    0.0403
     3.9710    0.0401
     3.9820    0.0399
     3.9930    0.0397
     4.0040    0.0395
     4.0150    0.0393
     4.0260    0.0391
     4.0370    0.0389
     4.0480    0.0387
     4.0590    0.0385
     4.0700    0.0383
     4.0810    0.0381
     4.0920    0.0379
     4.1030    0.0377
     4.1140    0.0376
     4.1250    0.0374
     4.1360    0.0372
     4.1470    0.0370
     4.1580    0.0368
     4.1690    0.0366
     4.1800    0.0365
     4.1910    0.0363
     4.2020    0.0361
     4.2130    0.0359
     4.2240    0.0358
     4.2350    0.0356
     4.2460    0.0354
     4.2570    0.0352
     4.2680    0.0351
     4.2790    0.0349
     4.2900    0.0347
     4.3010    0.0346
     4.3120    0.0344
     4.3230    0.0343
     4.3340    0.0341
     4.3450    0.0339
     4.3560    0.0338
     4.3670    0.0336
     4.3780    0.0335
     4.3890    0.0333
     4.4000    0.0331
     4.4110    0.0330
     4.4220    0.0328
     4.4330    0.0327
     4.4440    0.0325
     4.4550    0.0324
     4.4660    0.0322
     4.4770    0.0321
     4.4880    0.0319
     4.4990    0.0318
     4.5100    0.0316
     4.5210    0.0315
     4.5320    0.0314
     4.5430    0.0312
     4.5540    0.0311
     4.5650    0.0309
     4.5760    0.0308
     4.5870    0.0307
     4.5980    0.0305
     4.6090    0.0304
     4.6200    0.0302
     4.6310    0.0301
     4.6420    0.0300
     4.6530    0.0298
     4.6640    0.0297
     4.6750    0.0296
     4.6860    0.0294
     4.6970    0.0293
     4.7080    0.0292
     4.7190    0.0291
     4.7300    0.0289
     4.7410    0.0288
     4.7520    0.0287
     4.7630    0.0286
     4.7740    0.0284
     4.7850    0.0283
     4.7960    0.0282
     4.8070    0.0281
     4.8180    0.0279
     4.8290    0.0278
     4.8400    0.0277
     4.8510    0.0276
     4.8620    0.0275
     4.8730    0.0274
     4.8840    0.0272
     4.8950    0.0271
     4.9060    0.0270
     4.9170    0.0269
     4.9280    0.0268
     4.9390    0.0267
     4.9500    0.0265
     4.9610    0.0264
     4.9720    0.0263
     4.9830    0.0262
     4.9940    0.0261
     5.0050    0.0260
     5.0160    0.0259
     5.0270    0.0258
     5.0380    0.0257
     5.0490    0.0256
     5.0600    0.0255
     5.0710    0.0254
     5.0820    0.0252
     5.0930    0.0251
     5.1040    0.0250
     5.1150    0.0249
     5.1260    0.0248
     5.1370    0.0247
     5.1480    0.0246
     5.1590    0.0245
     5.1700    0.0244
     5.1810    0.0243
     5.1920    0.0242
     5.2030    0.0241
     5.2140    0.0240
     5.2250    0.0239
     5.2360    0.0238
     5.2470    0.0238
     5.2580    0.0237
     5.2690    0.0236
     5.2800    0.0235
     5.2910    0.0234
     5.3020    0.0233
     5.3130    0.0232
     5.3240    0.0231
     5.3350    0.0230
     5.3460    0.0229
     5.3570    0.0228
     5.3680    0.0227
     5.3790    0.0226
     5.3900    0.0226
     5.4010    0.0225
     5.4120    0.0224
     5.4230    0.0223
     5.4340    0.0222
     5.4450    0.0221
     5.4560    0.0220
     5.4670    0.0219
     5.4780    0.0219
     5.4890    0.0218
     5.5000    0.0217
