    0.0000    1.0000
    0.0110    0.9967
    0.0220    0.9936
    0.0330    0.9905
    0.0440    0.9877
    0.0550    0.9850
    0.0660    0.9827
    0.0770    0.9805
    0.0880    0.9785
    0.0990    0.9767
    0.1100    0.9752
    0.1210    0.9738
    0.1320    0.9727
    0.1430    0.9717
    0.1540    0.9710
    0.1650    0.9704
    0.1760    0.9699
    0.1870    0.9697
    0.1980    0.9696
    0.2090    0.9696
    0.2200    0.9697
    0.2310    0.9700
    0.2420    0.9704
    0.2530    0.9709
    0.2640    0.9714
    0.2750    0.9721
    0.2860    0.9729
    0.2970    0.9736
    0.3080    0.9745
    0.3190    0.9755
    0.3300    0.9766
    0.3410    0.9777
    0.3520    0.9787
    0.3630    0.9800
    0.3740    0.9811
    0.3850    0.9824
    0.3960    0.9837
    0.4070    0.9850
    0.4180    0.9863
    0.4290    0.9876
    0.4400    0.9889
    0.4510    0.9903
    0.4620    0.9918
    0.4730    0.9932
    0.4840    0.9945
    0.4950    0.9960
    0.5060    0.9973
    0.5170    0.9987
    0.5280    1.0002
    0.5390    1.0016
    0.5500    1.0029
    0.5610    1.0043
    0.5720    1.0058
    0.5830    1.0072
    0.5940    1.0086
    0.6050    1.0099
    0.6160    1.0113
    0.6270    1.0126
    0.6380    1.0138
    0.6490    1.0152
    0.6600    1.0165
    0.6710    1.0177
    0.6820    1.0190
    0.6930    1.0203
    0.7040    1.0214
    0.7150    1.0226
    0.7260    1.0238
    0.7370    1.0250
    0.7480    1.0263
    0.7590    1.0274
    0.7700    1.0285
    0.7810    1.0296
    0.7920    1.0306
    0.8030    1.0318
    0.8140    1.0328
    0.8250    1.0338
    0.8360    1.0348
    0.8470    1.0358
    0.8580    1.0368
    0.8690    1.0378
    0.8800    1.0386
    0.8910    1.0395
    0.9020    1.0404
    0.9130    1.0413
    0.9240    1.0422
    0.9350    1.0430
    0.9460    1.0438
    0.9570    1.0446
    0.9680    1.0454
    0.9790    1.0462
    0.9900    1.0469
    1.0010    1.0476
    1.0120    1.0483
    1.0230    1.0491
    1.0340    1.0497
    1.0450    1.0503
    1.0560    1.0511
    1.0670    1.0516
    1.0780    1.0522
    1.0890    1.0528
    1.1000    1.0536
    1.1110    1.0539
    1.1220    1.0545
    1.1330    1.0551
    1.1440    1.0556
    1.1550    1.0562
    1.1660    1.0567
    1.1770    1.0573
    1.1880    1.0576
    1.1990    1.0580
    1.2100    1.0587
    1.2210    1.0589
    1.2320    1.0595
    1.2430    1.0598
    1.2540    1.0603
    1.2650    1.0606
    1.2760    1.0609
    1.2870    1.0613
    1.2980    1.0616
    1.3090    1.0620
    1.3200    1.0624
    1.3310    1.0627
    1.3420    1.0631
    1.3530    1.0634
    1.3640    1.0637
    1.3750    1.0639
    1.3860    1.0642
    1.3970    1.0644
    1.4080    1.0647
    1.4190    1.0648
    1.4300    1.0651
    1.4410    1.0652
    1.4520    1.0655
    1.4630    1.0660
    1.4740    1.0659
    1.4850    1.0661
    1.4960    1.0664
    1.5070    1.0666
    1.5180    1.0666
    1.5290    1.0668
    1.5400    1.0673
    1.5510    1.0672
    1.5620    1.0673
    1.5730    1.0677
    1.5840    1.0679
    1.5950    1.0679
    1.6060    1.0679
    1.6170    1.0680
    1.6280    1.0680
    1.6390    1.0683
    1.6500    1.0684
    1.6610    1.0684
    1.6720    1.0687
    1.6830    1.0688
    1.6940    1.0688
    1.7050    1.0690
    1.7160    1.0688
    1.7270    1.0692
    1.7380    1.0691
    1.7490    1.0692
    1.7600    1.0693
    1.7710    1.0692
    1.7820    1.0694
    1.7930    1.0695
    1.8040    1.0695
    1.8150    1.0694
    1.8260    1.0696
    1.8370    1.0696
    1.8480    1.0696
    1.8590    1.0694
    1.8700    1.0696
    1.8810    1.0697
    1.8920    1.0696
    1.9030    1.0695
    1.9140    1.0697
    1.9250    1.0698
    1.9360    1.0698
    1.9470    1.0697
    1.9580    1.0694
    1.9690    1.0696
    1.9800    1.0696
    1.9910    1.0696
    2.0020    1.0694
    2.0130    1.0697
    2.0240    1.0698
    2.0350    1.0694
    2.0460    1.0693
    2.0570    1.0697
    2.0680    1.0694
    2.0790    1.0696
    2.0900    1.0697
    2.1010    1.0697
    2.1120    1.0696
    2.1230    1.0694
    2.1340    1.0691
    2.1450    1.0693
    2.1560    1.0693
    2.1670    1.0693
    2.1780    1.0692
    2.1890    1.0690
    2.2000    1.0693
    2.2110    1.0689
    2.2220    1.0690
    2.2330    1.0691
    2.2440    1.0690
    2.2550    1.0689
    2.2660    1.0686
    2.2770    1.0689
    2.2880    1.0685
    2.2990    1.0686
    2.3100    1.0687
    2.3210    1.0686
    2.3320    1.0685
    2.3430    1.0683
    2.3540    1.0687
    2.3650    1.0683
    2.3760    1.0685
    2.3870    1.0680
    2.3980    1.0680
    2.4090    1.0680
    2.4200    1.0678
    2.4310    1.0684
    2.4420    1.0681
    2.4530    1.0677
    2.4640    1.0680
    2.4750    1.0675
    2.4860    1.0676
    2.4970    1.0677
    2.5080    1.0676
    2.5190    1.0675
    2.5300    1.0673
    2.5410    1.0671
    2.5520    1.0675
    2.5630    1.0671
    2.5740    1.0674
    2.5850    1.0668
    2.5960    1.0670
    2.6070    1.0670
    2.6180    1.0671
    2.6290    1.0670
    2.6400    1.0668
    2.6510    1.0666
    2.6620    1.0663
    2.6730    1.0668
    2.6840    1.0664
    2.6950    1.0659
    2.7060    1.0661
    2.7170    1.0663
    2.7280    1.0656
    2.7390    1.0657
    2.7500    1.0657
    2.7610    1.0656
    2.7720    1.0655
    2.7830    1.0653
    2.7940    1.0659
    2.8050    1.0656
    2.8160    1.0652
    2.8270    1.0656
    2.8380    1.0651
    2.8490    1.0654
    2.8600    1.0648
    2.8710    1.0650
    2.8820    1.0651
    2.8930    1.0652
    2.9040    1.0642
    2.9150    1.0642
    2.9260    1.0641
    2.9370    1.0649
    2.9480    1.0646
    2.9590    1.0643
    2.9700    1.0640
    2.9810    1.0645
    2.9920    1.0641
    3.0030    1.0636
    3.0140    1.0639
    3.0250    1.0633
    3.0360    1.0636
    3.0470    1.0638
    3.0580    1.0630
    3.0690    1.0631
    3.0800    1.0632
    3.0910    1.0632
    3.1020    1.0632
    3.1130    1.0631
    3.1240    1.0629
    3.1350    1.0627
    3.1460    1.0625
    3.1570    1.0622
    3.1680    1.0629
    3.1790    1.0625
    3.1900    1.0620
    3.2010    1.0625
    3.2120    1.0620
    3.2230    1.0624
    3.2340    1.0618
    3.2450    1.0621
    3.2560    1.0613
    3.2670    1.0616
    3.2780    1.0618
    3.2890    1.0609
    3.3000    1.0610
    3.3110    1.0611
    3.3220    1.0611
    3.3330    1.0611
    3.3440    1.0610
    3.3550    1.0609
    3.3660    1.0608
    3.3770    1.0606
    3.3880    1.0603
    3.3990    1.0600
    3.4100    1.0597
    3.4210    1.0605
    3.4320    1.0600
    3.4430    1.0595
    3.4540    1.0602
    3.4650    1.0596
    3.4760    1.0590
    3.4870    1.0596
    3.4980    1.0588
    3.5090    1.0593
    3.5200    1.0585
    3.5310    1.0589
    3.5420    1.0592
    3.5530    1.0583
    3.5640    1.0585
    3.5750    1.0588
    3.5860    1.0577
    3.5970    1.0578
    3.6080    1.0579
    3.6190    1.0580
    3.6300    1.0580
    3.6410    1.0580
    3.6520    1.0579
    3.6630    1.0578
    3.6740    1.0577
    3.6850    1.0575
    3.6960    1.0573
    3.7070    1.0570
    3.7180    1.0567
    3.7290    1.0564
    3.7400    1.0560
    3.7510    1.0570
    3.7620    1.0565
    3.7730    1.0560
    3.7840    1.0554
    3.7950    1.0563
    3.8060    1.0556
    3.8170    1.0550
    3.8280    1.0557
    3.8390    1.0549
    3.8500    1.0556
    3.8610    1.0548
    3.8720    1.0554
    3.8830    1.0545
    3.8940    1.0550
    3.9050    1.0540
    3.9160    1.0544
    3.9270    1.0549
    3.9380    1.0537
    3.9490    1.0541
    3.9600    1.0544
    3.9710    1.0532
    3.9820    1.0534
    3.9930    1.0537
    4.0040    1.0539
    4.0150    1.0524
    4.0260    1.0526
    4.0370    1.0526
    4.0480    1.0527
    4.0590    1.0527
    4.0700    1.0527
    4.0810    1.0527
    4.0920    1.0526
    4.1030    1.0525
    4.1140    1.0523
    4.1250    1.0521
    4.1360    1.0519
    4.1470    1.0517
    4.1580    1.0514
    4.1690    1.0511
    4.1800    1.0507
    4.1910    1.0503
    4.2020    1.0499
    4.2130    1.0512
    4.2240    1.0507
    4.2350    1.0501
    4.2460    1.0496
    4.2570    1.0490
    4.2680    1.0501
    4.2790    1.0494
    4.2900    1.0487
    4.3010    1.0498
    4.3120    1.0490
    4.3230    1.0482
    4.3340    1.0492
    4.3450    1.0483
    4.3560    1.0474
    4.3670    1.0483
    4.3780    1.0473
    4.3890    1.0482
    4.4000    1.0471
    4.4110    1.0479
    4.4220    1.0468
    4.4330    1.0475
    4.4440    1.0464
    4.4550    1.0470
    4.4660    1.0458
    4.4770    1.0464
    4.4880    1.0470
    4.4990    1.0457
    4.5100    1.0462
    4.5210    1.0448
    4.5320    1.0453
    4.5430    1.0457
    4.5540    1.0442
    4.5650    1.0446
    4.5760    1.0450
    4.5870    1.0454
    4.5980    1.0437
    4.6090    1.0440
    4.6200    1.0443
    4.6310    1.0446
    4.6420    1.0428
    4.6530    1.0430
    4.6640    1.0431
    4.6750    1.0433
    4.6860    1.0434
    4.6970    1.0435
    4.7080    1.0415
    4.7190    1.0415
    4.7300    1.0416
    4.7410    1.0415
    4.7520    1.0415
    4.7630    1.0415
    4.7740    1.0414
    4.7850    1.0413
    4.7960    1.0411
    4.8070    1.0410
    4.8180    1.0408
    4.8290    1.0405
    4.8400    1.0403
    4.8510    1.0400
    4.8620    1.0397
    4.8730    1.0394
    4.8840    1.0391
    4.8950    1.0387
    4.9060    1.0383
    4.9170    1.0378
    4.9280    1.0374
    4.9390    1.0392
    4.9500    1.0387
    4.9610    1.0381
    4.9720    1.0376
    4.9830    1.0370
    4.9940    1.0364
    5.0050    1.0381
    5.0160    1.0374
    5.0270    1.0367
    5.0380    1.0360
    5.0490    1.0352
    5.0600    1.0368
    5.0710    1.0360
    5.0820    1.0352
    5.0930    1.0344
    5.1040    1.0359
    5.1150    1.0350
    5.1260    1.0340
    5.1370    1.0355
    5.1480    1.0345
    5.1590    1.0335
    5.1700    1.0349
    5.1810    1.0339
    5.1920    1.0328
    5.2030    1.0342
    5.2140    1.0330
    5.2250    1.0319
    5.2360    1.0332
    5.2470    1.0319
    5.2580    1.0332
    5.2690    1.0320
    5.2800    1.0307
    5.2910    1.0319
    5.3020    1.0305
    5.3130    1.0317
    5.3240    1.0303
    5.3350    1.0315
    5.3460    1.0300
    5.3570    1.0312
    5.3680    1.0296
    5.3790    1.0307
    5.3900    1.0292
    5.4010    1.0302
    5.4120    1.0286
    5.4230    1.0296
    5.4340    1.0280
    5.4450    1.0290
    5.4560    1.0272
    5.4670    1.0282
    5.4780    1.0264
    5.4890    1.0273
    5.5000    1.0255
