     0.0000    1.0000
     0.0110    0.9985
     0.0220    0.9974
     0.0330    0.9968
     0.0440    0.9964
     0.0550    0.9963
     0.0660    0.9963
     0.0770    0.9966
     0.0880    0.9970
     0.0990    0.9974
     0.1100    0.9979
     0.1210    0.9985
     0.1320    0.9991
     0.1430    0.9997
     0.1540    1.0002
     0.1650    1.0008
     0.1760    1.0013
     0.1870    1.0018
     0.1980    1.0022
     0.2090    1.0026
     0.2200    1.0029
     0.2310    1.0031
     0.2420    1.0033
     0.2530    1.0034
     0.2640    1.0034
     0.2750    1.0033
     0.2860    1.0032
     0.2970    1.0030
     0.3080    1.0027
     0.3190    1.0023
     0.3300    1.0019
     0.3410    1.0013
     0.3520    1.0007
     0.3630    1.0001
     0.3740    0.9993
     0.3850    0.9985
     0.3960    0.9977
     0.4070    0.9967
     0.4180    0.9957
     0.4290    0.9946
     0.4400    0.9935
     0.4510    0.9923
     0.4620    0.9911
     0.4730    0.9898
     0.4840    0.9885
     0.4950    0.9871
     0.5060    0.9856
     0.5170    0.9841
     0.5280    0.9826
     0.5390    0.9810
     0.5500    0.9794
     0.5610    0.9777
     0.5720    0.9760
     0.5830    0.9743
     0.5940    0.9725
     0.6050    0.9707
     0.6160    0.9689
     0.6270    0.9671
     0.6380    0.9652
     0.6490    0.9633
     0.6600    0.9613
     0.6710    0.9594
     0.6820    0.9574
     0.6930    0.9554
     0.7040    0.9533
     0.7150    0.9513
     0.7260    0.9492
     0.7370    0.9471
     0.7480    0.9450
     0.7590    0.9429
     0.7700    0.9408
     0.7810    0.9386
     0.7920    0.9364
     0.8030    0.9343
     0.8140    0.9321
     0.8250    0.9299
     0.8360    0.9277
     0.8470    0.9255
     0.8580    0.9232
     0.8690    0.9210
     0.8800    0.9188
     0.8910    0.9165
     0.9020    0.9143
     0.9130    0.9120
     0.9240    0.9097
     0.9350    0.9075
     0.9460    0.9052
     0.9570    0.9029
     0.9680    0.9007
     0.9790    0.8984
     0.9900    0.8961
     1.0010    0.8938
     1.0120    0.8915
     1.0230    0.8892
     1.0340    0.8869
     1.0450    0.8846
     1.0560    0.8824
     1.0670    0.8801
     1.0780    0.8778
     1.0890    0.8755
     1.1000    0.8732
     1.1110    0.8709
     1.1220    0.8686
     1.1330    0.8664
     1.1440    0.8641
     1.1550    0.8618
     1.1660    0.8595
     1.1770    0.8573
     1.1880    0.8550
     1.1990    0.8527
     1.2100    0.8505
     1.2210    0.8482
     1.2320    0.8459
     1.2430    0.8437
     1.2540    0.8415
     1.2650    0.8392
     1.2760    0.8370
     1.2870    0.8347
     1.2980    0.8325
     1.3090    0.8303
     1.3200    0.8281
     1.3310    0.8259
     1.3420    0.8237
     1.3530    0.8215
     1.3640    0.8193
     1.3750    0.8171
     1.3860    0.8149
     1.3970    0.8127
     1.4080    0.8105
     1.4190    0.8084
     1.4300    0.8062
     1.4410    0.8041
     1.4520    0.8019
     1.4630    0.7998
     1.4740    0.7976
     1.4850    0.7955
     1.4960    0.7934
     1.5070    0.7913
     1.5180    0.7892
     1.5290    0.7871
     1.5400    0.7850
     1.5510    0.7829
     1.5620    0.7808
     1.5730    0.7788
     1.5840    0.7767
     1.5950    0.7746
     1.6060    0.7726
     1.6170    0.7705
     1.6280    0.7685
     1.6390    0.7665
     1.6500    0.7645
     1.6610    0.7624
     1.6720    0.7604
     1.6830    0.7584
     1.6940    0.7565
     1.7050    0.7545
     1.7160    0.7525
     1.7270    0.7505
     1.7380    0.7486
     1.7490    0.7466
     1.7600    0.7447
     1.7710    0.7427
     1.7820    0.7408
     1.7930    0.7389
     1.8040    0.7370
     1.8150    0.7351
     1.8260    0.7332
     1.8370    0.7313
     1.8480    0.7294
     1.8590    0.7275
     1.8700    0.7257
     1.8810    0.7238
     1.8920    0.7220
     1.9030    0.7201
     1.9140    0.7183
     1.9250    0.7165
     1.9360    0.7147
     1.9470    0.7129
     1.9580    0.7111
     1.9690    0.7093
     1.9800    0.7075
     1.9910    0.7057
     2.0020    0.7039
     2.0130    0.7022
     2.0240    0.7004
     2.0350    0.6987
     2.0460    0.6969
     2.0570    0.6952
     2.0680    0.6935
     2.0790    0.6918
     2.0900    0.6901
     2.1010    0.6884
     2.1120    0.6867
     2.1230    0.6850
     2.1340    0.6833
     2.1450    0.6817
     2.1560    0.6800
     2.1670    0.6783
     2.1780    0.6767
     2.1890    0.6751
     2.2000    0.6734
     2.2110    0.6718
     2.2220    0.6702
     2.2330    0.6686
     2.2440    0.6670
     2.2550    0.6654
     2.2660    0.6638
     2.2770    0.6623
     2.2880    0.6607
     2.2990    0.6592
     2.3100    0.6576
     2.3210    0.6561
     2.3320    0.6545
     2.3430    0.6530
     2.3540    0.6515
     2.3650    0.6500
     2.3760    0.6485
     2.3870    0.6470
     2.3980    0.6455
     2.4090    0.6440
     2.4200    0.6425
     2.4310    0.6411
     2.4420    0.6396
     2.4530    0.6381
     2.4640    0.6367
     2.4750    0.6353
     2.4860    0.6338
     2.4970    0.6324
     2.5080    0.6310
     2.5190    0.6296
     2.5300    0.6282
     2.5410    0.6268
     2.5520    0.6254
     2.5630    0.6240
     2.5740    0.6227
     2.5850    0.6213
     2.5960    0.6199
     2.6070    0.6186
     2.6180    0.6172
     2.6290    0.6159
     2.6400    0.6146
     2.6510    0.6133
     2.6620    0.6119
     2.6730    0.6106
     2.6840    0.6093
     2.6950    0.6080
     2.7060    0.6067
     2.7170    0.6055
     2.7280    0.6042
     2.7390    0.6029
     2.7500    0.6016
     2.7610    0.6004
     2.7720    0.5991
     2.7830    0.5979
     2.7940    0.5967
     2.8050    0.5954
     2.8160    0.5942
     2.8270    0.5930
     2.8380    0.5918
     2.8490    0.5906
     2.8600    0.5894
     2.8710    0.5882
     2.8820    0.5870
     2.8930    0.5858
     2.9040    0.5847
     2.9150    0.5835
     2.9260    0.5823
     2.9370    0.5812
     2.9480    0.5800
     2.9590    0.5789
     2.9700    0.5778
     2.9810    0.5766
     2.9920    0.5755
     3.0030    0.5744
     3.0140    0.5733
     3.0250    0.5722
     3.0360    0.5711
     3.0470    0.5700
     3.0580    0.5689
     3.0690    0.5678
     3.0800    0.5667
     3.0910    0.5657
     3.1020    0.5646
     3.1130    0.5635
     3.1240    0.5625
     3.1350    0.5614
     3.1460    0.5604
     3.1570    0.5594
     3.1680    0.5583
     3.1790    0.5573
     3.1900    0.5563
     3.2010    0.5553
     3.2120    0.5543
     3.2230    0.5533
     3.2340    0.5523
     3.2450    0.5513
     3.2560    0.5503
     3.2670    0.5493
     3.2780    0.5483
     3.2890    0.5473
     3.3000    0.5464
     3.3110    0.5454
     3.3220    0.5445
     3.3330    0.5435
     3.3440    0.5426
     3.3550    0.5416
     3.3660    0.5407
     3.3770    0.5398
     3.3880    0.5388
     3.3990    0.5379
     3.4100    0.5370
     3.4210    0.5361
     3.4320    0.5352
     3.4430    0.5343
     3.4540    0.5334
     3.4650    0.5325
     3.4760    0.5316
     3.4870    0.5307
     3.4980    0.5298
     3.5090    0.5290
     3.5200    0.5281
     3.5310    0.5272
     3.5420    0.5264
     3.5530    0.5255
     3.5640    0.5247
     3.5750    0.5238
     3.5860    0.5230
     3.5970    0.5222
     3.6080    0.5213
     3.6190    0.5205
     3.6300    0.5197
     3.6410    0.5189
     3.6520    0.5180
     3.6630    0.5172
     3.6740    0.5164
     3.6850    0.5156
     3.6960    0.5148
     3.7070    0.5140
     3.7180    0.5132
     3.7290    0.5125
     3.7400    0.5117
     3.7510    0.5109
     3.7620    0.5101
     3.7730    0.5094
     3.7840    0.5086
     3.7950    0.5078
     3.8060    0.5071
     3.8170    0.5063
     3.8280    0.5056
     3.8390    0.5048
     3.8500    0.5041
     3.8610    0.5034
     3.8720    0.5026
     3.8830    0.5019
     3.8940    0.5012
     3.9050    0.5005
     3.9160    0.4997
     3.9270    0.4990
     3.9380    0.4983
     3.9490    0.4976
     3.9600    0.4969
     3.9710    0.4962
     3.9820    0.4955
     3.9930    0.4948
     4.0040    0.4941
     4.0150    0.4934
     4.0260    0.4928
     4.0370    0.4921
     4.0480    0.4914
     4.0590    0.4907
     4.0700    0.4901
     4.0810    0.4894
     4.0920    0.4887
     4.1030    0.4881
     4.1140    0.4874
     4.1250    0.4868
     4.1360    0.4861
     4.1470    0.4855
     4.1580    0.4849
     4.1690    0.4842
     4.1800    0.4836
     4.1910    0.4830
     4.2020    0.4823
     4.2130    0.4817
     4.2240    0.4811
     4.2350    0.4805
     4.2460    0.4798
     4.2570    0.4792
     4.2680    0.4786
     4.2790    0.4780
     4.2900    0.4774
     4.3010    0.4768
     4.3120    0.4762
     4.3230    0.4756
     4.3340    0.4750
     4.3450    0.4744
     4.3560    0.4739
     4.3670    0.4733
     4.3780    0.4727
     4.3890    0.4721
     4.4000    0.4715
     4.4110    0.4710
     4.4220    0.4704
     4.4330    0.4698
     4.4440    0.4693
     4.4550    0.4687
     4.4660    0.4682
     4.4770    0.4676
     4.4880    0.4671
     4.4990    0.4665
     4.5100    0.4660
     4.5210    0.4654
     4.5320    0.4649
     4.5430    0.4643
     4.5540    0.4638
     4.5650    0.4633
     4.5760    0.4627
     4.5870    0.4622
     4.5980    0.4617
     4.6090    0.4612
     4.6200    0.4606
     4.6310    0.4601
     4.6420    0.4596
     4.6530    0.4591
     4.6640    0.4586
     4.6750    0.4581
     4.6860    0.4576
     4.6970    0.4571
     4.7080    0.4566
     4.7190    0.4561
     4.7300    0.4556
     4.7410    0.4551
     4.7520    0.4546
     4.7630    0.4541
     4.7740    0.4536
     4.7850    0.4531
     4.7960    0.4526
     4.8070    0.4522
     4.8180    0.4517
     4.8290    0.4512
     4.8400    0.4507
     4.8510    0.4503
     4.8620    0.4498
     4.8730    0.4493
     4.8840    0.4489
     4.8950    0.4484
     4.9060    0.4479
     4.9170    0.4475
     4.9280    0.4470
     4.9390    0.4466
     4.9500    0.4461
     4.9610    0.4457
     4.9720    0.4452
     4.9830    0.4448
     4.9940    0.4443
     5.0050    0.4439
     5.0160    0.4435
     5.0270    0.4430
     5.0380    0.4426
     5.0490    0.4421
     5.0600    0.4417
     5.0710    0.4413
     5.0820    0.4409
     5.0930    0.4404
     5.1040    0.4400
     5.1150    0.4396
     5.1260    0.4392
     5.1370    0.4387
     5.1480    0.4383
     5.1590    0.4379
     5.1700    0.4375
     5.1810    0.4371
     5.1920    0.4367
     5.2030    0.4363
     5.2140    0.4359
     5.2250    0.4355
     5.2360    0.4350
     5.2470    0.4346
     5.2580    0.4342
     5.2690    0.4339
     5.2800    0.4335
     5.2910    0.4331
     5.3020    0.4327
     5.3130    0.4323
     5.3240    0.4319
     5.3350    0.4315
     5.3460    0.4311
     5.3570    0.4307
     5.3680    0.4303
     5.3790    0.4300
     5.3900    0.4296
     5.4010    0.4292
     5.4120    0.4288
     5.4230    0.4285
     5.4340    0.4281
     5.4450    0.4277
     5.4560    0.4273
     5.4670    0.4270
     5.4780    0.4266
     5.4890    0.4262
     5.5000    0.4259
